[0.017s] Invoking command in '/home/mobile/ros2_ws/src/build/ros2_laser_scan_matcher': AMENT_PREFIX_PATH=/home/mobile/ros2_ws/src/install/csm:${AMENT_PREFIX_PATH} CMAKE_PREFIX_PATH=/home/mobile/ros2_ws/src/install/csm:/home/mobile/ros2_ws/install/ros2_laser_scan_matcher:/home/mobile/ros2_ws/install/csm:/home/mobile/ros2_ws/install/a105_webots_bridge:/home/mobile/ros2_ws/install/a105_path_planner:/home/mobile/ros2_ws/install/a105_navigation:/home/mobile/ros2_ws/install/a105_description:/home/mobile/ros2_ws/install/a105_custom_slam:/home/mobile/ros2_ws/install/a105_controller:/home/mobile/ros2_ws/install/a105_bringup:/opt/ros/humble LD_LIBRARY_PATH=/home/mobile/ros2_ws/src/install/csm/lib:${LD_LIBRARY_PATH} /usr/bin/cmake /home/mobile/ros2_ws/src/ros2_laser_scan_matcher -DCMAKE_INSTALL_PREFIX=/home/mobile/ros2_ws/src/install/ros2_laser_scan_matcher
[0.059s] -- The C compiler identification is GNU 11.4.0
[0.099s] -- The CXX compiler identification is GNU 11.4.0
[0.103s] -- Detecting C compiler ABI info
[0.156s] -- Detecting C compiler ABI info - done
[0.160s] -- Check for working C compiler: /usr/bin/cc - skipped
[0.160s] -- Detecting C compile features
[0.160s] -- Detecting C compile features - done
[0.163s] -- Detecting CXX compiler ABI info
[0.224s] -- Detecting CXX compiler ABI info - done
[0.229s] -- Check for working CXX compiler: /usr/bin/c++ - skipped
[0.229s] -- Detecting CXX compile features
[0.229s] -- Detecting CXX compile features - done
[0.232s] -- Found ament_cmake: 1.3.12 (/opt/ros/humble/share/ament_cmake/cmake)
[0.340s] -- Found Python3: /usr/bin/python3 (found version "3.10.12") found components: Interpreter 
[0.429s] -- Found sensor_msgs: 4.9.0 (/opt/ros/humble/share/sensor_msgs/cmake)
[0.459s] -- Found rosidl_generator_c: 3.1.7 (/opt/ros/humble/share/rosidl_generator_c/cmake)
[0.464s] -- Found rosidl_adapter: 3.1.7 (/opt/ros/humble/share/rosidl_adapter/cmake)
[0.471s] -- Found rosidl_generator_cpp: 3.1.7 (/opt/ros/humble/share/rosidl_generator_cpp/cmake)
[0.480s] -- Using all available rosidl_typesupport_c: rosidl_typesupport_fastrtps_c;rosidl_typesupport_introspection_c
[0.492s] -- Using all available rosidl_typesupport_cpp: rosidl_typesupport_fastrtps_cpp;rosidl_typesupport_introspection_cpp
[0.534s] -- Found rclcpp: 16.0.15 (/opt/ros/humble/share/rclcpp/cmake)
[0.566s] -- Found rmw_implementation_cmake: 6.1.2 (/opt/ros/humble/share/rmw_implementation_cmake/cmake)
[0.569s] -- Found rmw_fastrtps_cpp: 6.2.8 (/opt/ros/humble/share/rmw_fastrtps_cpp/cmake)
[0.640s] -- Found OpenSSL: /usr/lib/x86_64-linux-gnu/libcrypto.so (found version "3.0.2")  
[0.665s] -- Found FastRTPS: /opt/ros/humble/include  
[0.700s] -- Using RMW implementation 'rmw_fastrtps_cpp' as default
[0.708s] -- Looking for pthread.h
[0.765s] -- Looking for pthread.h - found
[0.765s] -- Performing Test CMAKE_HAVE_LIBC_PTHREAD
[0.824s] -- Performing Test CMAKE_HAVE_LIBC_PTHREAD - Success
[0.825s] -- Found Threads: TRUE  
[0.852s] -- Found nav_msgs: 4.9.0 (/opt/ros/humble/share/nav_msgs/cmake)
[0.864s] -- Found tf2_ros: 0.25.16 (/opt/ros/humble/share/tf2_ros/cmake)
[0.939s] -- Found tf2_geometry_msgs: 0.25.16 (/opt/ros/humble/share/tf2_geometry_msgs/cmake)
[0.952s] -- Found eigen3_cmake_module: 0.1.1 (/opt/ros/humble/share/eigen3_cmake_module/cmake)
[0.952s] -- Found Eigen3: TRUE (found version "3.4.0") 
[0.953s] -- Ensuring Eigen3 include directory is part of orocos-kdl CMake target
[0.956s] -- Found PkgConfig: /usr/bin/pkg-config (found version "0.29.2") 
[0.957s] -- Found csm: 0.0.0 (/home/mobile/ros2_ws/src/install/csm/share/csm/cmake)
[0.971s] -- Found Boost: /usr/lib/x86_64-linux-gnu/cmake/Boost-1.74.0/BoostConfig.cmake (found version "1.74.0") found components: thread 
[1.014s] -- Configuring done
[1.022s] -- Generating done
[1.024s] -- Build files have been written to: /home/mobile/ros2_ws/src/build/ros2_laser_scan_matcher
[1.031s] Invoked command in '/home/mobile/ros2_ws/src/build/ros2_laser_scan_matcher' returned '0': AMENT_PREFIX_PATH=/home/mobile/ros2_ws/src/install/csm:${AMENT_PREFIX_PATH} CMAKE_PREFIX_PATH=/home/mobile/ros2_ws/src/install/csm:/home/mobile/ros2_ws/install/ros2_laser_scan_matcher:/home/mobile/ros2_ws/install/csm:/home/mobile/ros2_ws/install/a105_webots_bridge:/home/mobile/ros2_ws/install/a105_path_planner:/home/mobile/ros2_ws/install/a105_navigation:/home/mobile/ros2_ws/install/a105_description:/home/mobile/ros2_ws/install/a105_custom_slam:/home/mobile/ros2_ws/install/a105_controller:/home/mobile/ros2_ws/install/a105_bringup:/opt/ros/humble LD_LIBRARY_PATH=/home/mobile/ros2_ws/src/install/csm/lib:${LD_LIBRARY_PATH} /usr/bin/cmake /home/mobile/ros2_ws/src/ros2_laser_scan_matcher -DCMAKE_INSTALL_PREFIX=/home/mobile/ros2_ws/src/install/ros2_laser_scan_matcher
[1.032s] Invoking command in '/home/mobile/ros2_ws/src/build/ros2_laser_scan_matcher': AMENT_PREFIX_PATH=/home/mobile/ros2_ws/src/install/csm:${AMENT_PREFIX_PATH} CMAKE_PREFIX_PATH=/home/mobile/ros2_ws/src/install/csm:/home/mobile/ros2_ws/install/ros2_laser_scan_matcher:/home/mobile/ros2_ws/install/csm:/home/mobile/ros2_ws/install/a105_webots_bridge:/home/mobile/ros2_ws/install/a105_path_planner:/home/mobile/ros2_ws/install/a105_navigation:/home/mobile/ros2_ws/install/a105_description:/home/mobile/ros2_ws/install/a105_custom_slam:/home/mobile/ros2_ws/install/a105_controller:/home/mobile/ros2_ws/install/a105_bringup:/opt/ros/humble LD_LIBRARY_PATH=/home/mobile/ros2_ws/src/install/csm/lib:${LD_LIBRARY_PATH} /usr/bin/cmake --build /home/mobile/ros2_ws/src/build/ros2_laser_scan_matcher -- -j16 -l16
[1.074s] [ 50%] [32mBuilding CXX object CMakeFiles/laser_scan_matcher.dir/src/laser_scan_matcher.cpp.o[0m
[1.224s] In file included from [01m[K/home/mobile/ros2_ws/src/ros2_laser_scan_matcher/include/ros2_laser_scan_matcher/laser_scan_matcher.h:47[m[K,
[1.224s]                  from [01m[K/home/mobile/ros2_ws/src/ros2_laser_scan_matcher/src/laser_scan_matcher.cpp:38[m[K:
[1.224s] [01m[K/opt/ros/humble/include/tf2_geometry_msgs/tf2_geometry_msgs/tf2_geometry_msgs.h:35:2:[m[K [01;35m[Kwarning: [m[K#warning This header is obsolete, please include tf2_geometry_msgs/tf2_geometry_msgs.hpp instead [[01;35m[K-Wcpp[m[K]
[1.224s]    35 | #[01;35m[Kwarning[m[K This header is obsolete, please include tf2_geometry_msgs/tf2_geometry_msgs.hpp instead
[1.224s]       |  [01;35m[K^~~~~~~[m[K
[7.860s] [100%] [32m[1mLinking CXX executable laser_scan_matcher[0m
[8.269s] [100%] Built target laser_scan_matcher
[8.280s] Invoked command in '/home/mobile/ros2_ws/src/build/ros2_laser_scan_matcher' returned '0': AMENT_PREFIX_PATH=/home/mobile/ros2_ws/src/install/csm:${AMENT_PREFIX_PATH} CMAKE_PREFIX_PATH=/home/mobile/ros2_ws/src/install/csm:/home/mobile/ros2_ws/install/ros2_laser_scan_matcher:/home/mobile/ros2_ws/install/csm:/home/mobile/ros2_ws/install/a105_webots_bridge:/home/mobile/ros2_ws/install/a105_path_planner:/home/mobile/ros2_ws/install/a105_navigation:/home/mobile/ros2_ws/install/a105_description:/home/mobile/ros2_ws/install/a105_custom_slam:/home/mobile/ros2_ws/install/a105_controller:/home/mobile/ros2_ws/install/a105_bringup:/opt/ros/humble LD_LIBRARY_PATH=/home/mobile/ros2_ws/src/install/csm/lib:${LD_LIBRARY_PATH} /usr/bin/cmake --build /home/mobile/ros2_ws/src/build/ros2_laser_scan_matcher -- -j16 -l16
[8.282s] Invoking command in '/home/mobile/ros2_ws/src/build/ros2_laser_scan_matcher': AMENT_PREFIX_PATH=/home/mobile/ros2_ws/src/install/csm:${AMENT_PREFIX_PATH} CMAKE_PREFIX_PATH=/home/mobile/ros2_ws/src/install/csm:/home/mobile/ros2_ws/install/ros2_laser_scan_matcher:/home/mobile/ros2_ws/install/csm:/home/mobile/ros2_ws/install/a105_webots_bridge:/home/mobile/ros2_ws/install/a105_path_planner:/home/mobile/ros2_ws/install/a105_navigation:/home/mobile/ros2_ws/install/a105_description:/home/mobile/ros2_ws/install/a105_custom_slam:/home/mobile/ros2_ws/install/a105_controller:/home/mobile/ros2_ws/install/a105_bringup:/opt/ros/humble LD_LIBRARY_PATH=/home/mobile/ros2_ws/src/install/csm/lib:${LD_LIBRARY_PATH} /usr/bin/cmake --install /home/mobile/ros2_ws/src/build/ros2_laser_scan_matcher
[8.289s] -- Install configuration: ""
[8.289s] -- Installing: /home/mobile/ros2_ws/src/install/ros2_laser_scan_matcher/lib/ros2_laser_scan_matcher/laser_scan_matcher
[8.291s] -- Set runtime path of "/home/mobile/ros2_ws/src/install/ros2_laser_scan_matcher/lib/ros2_laser_scan_matcher/laser_scan_matcher" to ""
[8.291s] -- Installing: /home/mobile/ros2_ws/src/install/ros2_laser_scan_matcher/share/ament_index/resource_index/package_run_dependencies/ros2_laser_scan_matcher
[8.291s] -- Installing: /home/mobile/ros2_ws/src/install/ros2_laser_scan_matcher/share/ament_index/resource_index/parent_prefix_path/ros2_laser_scan_matcher
[8.291s] -- Installing: /home/mobile/ros2_ws/src/install/ros2_laser_scan_matcher/share/ros2_laser_scan_matcher/environment/ament_prefix_path.sh
[8.291s] -- Installing: /home/mobile/ros2_ws/src/install/ros2_laser_scan_matcher/share/ros2_laser_scan_matcher/environment/ament_prefix_path.dsv
[8.291s] -- Installing: /home/mobile/ros2_ws/src/install/ros2_laser_scan_matcher/share/ros2_laser_scan_matcher/environment/path.sh
[8.291s] -- Installing: /home/mobile/ros2_ws/src/install/ros2_laser_scan_matcher/share/ros2_laser_scan_matcher/environment/path.dsv
[8.291s] -- Installing: /home/mobile/ros2_ws/src/install/ros2_laser_scan_matcher/share/ros2_laser_scan_matcher/local_setup.bash
[8.291s] -- Installing: /home/mobile/ros2_ws/src/install/ros2_laser_scan_matcher/share/ros2_laser_scan_matcher/local_setup.sh
[8.291s] -- Installing: /home/mobile/ros2_ws/src/install/ros2_laser_scan_matcher/share/ros2_laser_scan_matcher/local_setup.zsh
[8.291s] -- Installing: /home/mobile/ros2_ws/src/install/ros2_laser_scan_matcher/share/ros2_laser_scan_matcher/local_setup.dsv
[8.292s] -- Installing: /home/mobile/ros2_ws/src/install/ros2_laser_scan_matcher/share/ros2_laser_scan_matcher/package.dsv
[8.292s] -- Installing: /home/mobile/ros2_ws/src/install/ros2_laser_scan_matcher/share/ament_index/resource_index/packages/ros2_laser_scan_matcher
[8.292s] -- Installing: /home/mobile/ros2_ws/src/install/ros2_laser_scan_matcher/share/ros2_laser_scan_matcher/cmake/ros2_laser_scan_matcherConfig.cmake
[8.292s] -- Installing: /home/mobile/ros2_ws/src/install/ros2_laser_scan_matcher/share/ros2_laser_scan_matcher/cmake/ros2_laser_scan_matcherConfig-version.cmake
[8.292s] -- Installing: /home/mobile/ros2_ws/src/install/ros2_laser_scan_matcher/share/ros2_laser_scan_matcher/package.xml
[8.294s] Invoked command in '/home/mobile/ros2_ws/src/build/ros2_laser_scan_matcher' returned '0': AMENT_PREFIX_PATH=/home/mobile/ros2_ws/src/install/csm:${AMENT_PREFIX_PATH} CMAKE_PREFIX_PATH=/home/mobile/ros2_ws/src/install/csm:/home/mobile/ros2_ws/install/ros2_laser_scan_matcher:/home/mobile/ros2_ws/install/csm:/home/mobile/ros2_ws/install/a105_webots_bridge:/home/mobile/ros2_ws/install/a105_path_planner:/home/mobile/ros2_ws/install/a105_navigation:/home/mobile/ros2_ws/install/a105_description:/home/mobile/ros2_ws/install/a105_custom_slam:/home/mobile/ros2_ws/install/a105_controller:/home/mobile/ros2_ws/install/a105_bringup:/opt/ros/humble LD_LIBRARY_PATH=/home/mobile/ros2_ws/src/install/csm/lib:${LD_LIBRARY_PATH} /usr/bin/cmake --install /home/mobile/ros2_ws/src/build/ros2_laser_scan_matcher
