[0.039s] Invoking command in '/home/mobile/ros2_ws/src/build/a105_bringup': CMAKE_PREFIX_PATH=${CMAKE_PREFIX_PATH}:/opt/ros/humble /usr/bin/cmake --build /home/mobile/ros2_ws/src/build/a105_bringup -- -j16 -l16
[0.064s] Invoked command in '/home/mobile/ros2_ws/src/build/a105_bringup' returned '0': CMAKE_PREFIX_PATH=${CMAKE_PREFIX_PATH}:/opt/ros/humble /usr/bin/cmake --build /home/mobile/ros2_ws/src/build/a105_bringup -- -j16 -l16
[0.071s] Invoking command in '/home/mobile/ros2_ws/src/build/a105_bringup': CMAKE_PREFIX_PATH=${CMAKE_PREFIX_PATH}:/opt/ros/humble /usr/bin/cmake --install /home/mobile/ros2_ws/src/build/a105_bringup
[0.078s] -- Install configuration: ""
[0.078s] -- Up-to-date: /home/mobile/ros2_ws/src/install/a105_bringup/share/a105_bringup//launch
[0.078s] -- Up-to-date: /home/mobile/ros2_ws/src/install/a105_bringup/share/a105_bringup//launch/simca.launch.py
[0.078s] -- Up-to-date: /home/mobile/ros2_ws/src/install/a105_bringup/share/a105_bringup//launch/tf.launch.py
[0.078s] -- Up-to-date: /home/mobile/ros2_ws/src/install/a105_bringup/share/a105_bringup//rviz
[0.078s] -- Up-to-date: /home/mobile/ros2_ws/src/install/a105_bringup/share/a105_bringup//rviz/simca.rviz
[0.078s] -- Up-to-date: /home/mobile/ros2_ws/src/install/a105_bringup/share/a105_bringup//config
[0.078s] -- Up-to-date: /home/mobile/ros2_ws/src/install/a105_bringup/share/a105_bringup//config/amcl.yaml
[0.078s] -- Up-to-date: /home/mobile/ros2_ws/src/install/a105_bringup/share/ament_index/resource_index/package_run_dependencies/a105_bringup
[0.079s] -- Up-to-date: /home/mobile/ros2_ws/src/install/a105_bringup/share/ament_index/resource_index/parent_prefix_path/a105_bringup
[0.079s] -- Up-to-date: /home/mobile/ros2_ws/src/install/a105_bringup/share/a105_bringup/environment/ament_prefix_path.sh
[0.079s] -- Up-to-date: /home/mobile/ros2_ws/src/install/a105_bringup/share/a105_bringup/environment/ament_prefix_path.dsv
[0.079s] -- Up-to-date: /home/mobile/ros2_ws/src/install/a105_bringup/share/a105_bringup/environment/path.sh
[0.079s] -- Up-to-date: /home/mobile/ros2_ws/src/install/a105_bringup/share/a105_bringup/environment/path.dsv
[0.079s] -- Up-to-date: /home/mobile/ros2_ws/src/install/a105_bringup/share/a105_bringup/local_setup.bash
[0.079s] -- Up-to-date: /home/mobile/ros2_ws/src/install/a105_bringup/share/a105_bringup/local_setup.sh
[0.079s] -- Up-to-date: /home/mobile/ros2_ws/src/install/a105_bringup/share/a105_bringup/local_setup.zsh
[0.079s] -- Up-to-date: /home/mobile/ros2_ws/src/install/a105_bringup/share/a105_bringup/local_setup.dsv
[0.079s] -- Installing: /home/mobile/ros2_ws/src/install/a105_bringup/share/a105_bringup/package.dsv
[0.079s] -- Up-to-date: /home/mobile/ros2_ws/src/install/a105_bringup/share/ament_index/resource_index/packages/a105_bringup
[0.079s] -- Up-to-date: /home/mobile/ros2_ws/src/install/a105_bringup/share/a105_bringup/cmake/a105_bringupConfig.cmake
[0.079s] -- Up-to-date: /home/mobile/ros2_ws/src/install/a105_bringup/share/a105_bringup/cmake/a105_bringupConfig-version.cmake
[0.080s] -- Up-to-date: /home/mobile/ros2_ws/src/install/a105_bringup/share/a105_bringup/package.xml
[0.080s] Invoked command in '/home/mobile/ros2_ws/src/build/a105_bringup' returned '0': CMAKE_PREFIX_PATH=${CMAKE_PREFIX_PATH}:/opt/ros/humble /usr/bin/cmake --install /home/mobile/ros2_ws/src/build/a105_bringup
