[0.034s] Invoking command in '/home/mobile/ros2_ws/src/build/csm': CMAKE_PREFIX_PATH=${CMAKE_PREFIX_PATH}:/opt/ros/humble /usr/bin/cmake --build /home/mobile/ros2_ws/src/build/csm -- -j16 -l16
[0.072s] [35m[1mConsolidate compiler generated dependencies of target csm[0m
[0.104s] [100%] Built target csm
[0.121s] Invoked command in '/home/mobile/ros2_ws/src/build/csm' returned '0': CMAKE_PREFIX_PATH=${CMAKE_PREFIX_PATH}:/opt/ros/humble /usr/bin/cmake --build /home/mobile/ros2_ws/src/build/csm -- -j16 -l16
[0.127s] Invoking command in '/home/mobile/ros2_ws/src/build/csm': CMAKE_PREFIX_PATH=${CMAKE_PREFIX_PATH}:/opt/ros/humble /usr/bin/cmake --install /home/mobile/ros2_ws/src/build/csm
[0.133s] -- Install configuration: ""
[0.133s] -- Installing: /home/mobile/ros2_ws/src/install/csm/lib/libcsm.so
[0.133s] -- Installing: /home/mobile/ros2_ws/src/install/csm/include/..//include
[0.133s] -- Installing: /home/mobile/ros2_ws/src/install/csm/include/..//include/csm
[0.133s] -- Installing: /home/mobile/ros2_ws/src/install/csm/include/..//include/csm/csm.h
[0.133s] -- Installing: /home/mobile/ros2_ws/src/install/csm/include/..//include/csm/laser_data.h
[0.134s] -- Installing: /home/mobile/ros2_ws/src/install/csm/include/..//include/csm/restrict.h
[0.134s] -- Installing: /home/mobile/ros2_ws/src/install/csm/include/..//include/csm/algos.h
[0.135s] -- Installing: /home/mobile/ros2_ws/src/install/csm/include/..//include/csm/laser_data_inline.h
[0.135s] -- Installing: /home/mobile/ros2_ws/src/install/csm/include/..//include/gsl_eigen
[0.135s] -- Installing: /home/mobile/ros2_ws/src/install/csm/include/..//include/gsl_eigen/gsl_eigen.h
[0.135s] -- Installing: /home/mobile/ros2_ws/src/install/csm/share/csm/resource
[0.135s] -- Installing: /home/mobile/ros2_ws/src/install/csm/share/csm/resource/csm
[0.135s] -- Installing: /home/mobile/ros2_ws/src/install/csm/include/../gsl_eigen
[0.135s] -- Installing: /home/mobile/ros2_ws/src/install/csm/include/../gsl_eigen/gsl_eigen.h
[0.135s] -- Installing: /home/mobile/ros2_ws/src/install/csm/share/csm/environment/library_path.sh
[0.135s] -- Installing: /home/mobile/ros2_ws/src/install/csm/share/csm/environment/library_path.dsv
[0.135s] -- Installing: /home/mobile/ros2_ws/src/install/csm/share/ament_index/resource_index/package_run_dependencies/csm
[0.135s] -- Installing: /home/mobile/ros2_ws/src/install/csm/share/ament_index/resource_index/parent_prefix_path/csm
[0.135s] -- Installing: /home/mobile/ros2_ws/src/install/csm/share/csm/environment/ament_prefix_path.sh
[0.136s] -- Installing: /home/mobile/ros2_ws/src/install/csm/share/csm/environment/ament_prefix_path.dsv
[0.136s] -- Installing: /home/mobile/ros2_ws/src/install/csm/share/csm/environment/path.sh
[0.136s] -- Installing: /home/mobile/ros2_ws/src/install/csm/share/csm/environment/path.dsv
[0.136s] -- Installing: /home/mobile/ros2_ws/src/install/csm/share/csm/local_setup.bash
[0.136s] -- Installing: /home/mobile/ros2_ws/src/install/csm/share/csm/local_setup.sh
[0.136s] -- Installing: /home/mobile/ros2_ws/src/install/csm/share/csm/local_setup.zsh
[0.136s] -- Installing: /home/mobile/ros2_ws/src/install/csm/share/csm/local_setup.dsv
[0.136s] -- Installing: /home/mobile/ros2_ws/src/install/csm/share/csm/package.dsv
[0.136s] -- Installing: /home/mobile/ros2_ws/src/install/csm/share/ament_index/resource_index/packages/csm
[0.136s] -- Installing: /home/mobile/ros2_ws/src/install/csm/share/csm/cmake/ament_cmake_export_dependencies-extras.cmake
[0.136s] -- Installing: /home/mobile/ros2_ws/src/install/csm/share/csm/cmake/ament_cmake_export_include_directories-extras.cmake
[0.136s] -- Installing: /home/mobile/ros2_ws/src/install/csm/share/csm/cmake/ament_cmake_export_libraries-extras.cmake
[0.136s] -- Installing: /home/mobile/ros2_ws/src/install/csm/share/csm/cmake/csmConfig.cmake
[0.136s] -- Installing: /home/mobile/ros2_ws/src/install/csm/share/csm/cmake/csmConfig-version.cmake
[0.136s] -- Installing: /home/mobile/ros2_ws/src/install/csm/share/csm/package.xml
[0.188s] Invoked command in '/home/mobile/ros2_ws/src/build/csm' returned '0': CMAKE_PREFIX_PATH=${CMAKE_PREFIX_PATH}:/opt/ros/humble /usr/bin/cmake --install /home/mobile/ros2_ws/src/build/csm
