[100%] Built target sender
-- Install configuration: ""
-- Up-to-date: /home/mobile/ros2_ws/src/install/a105_controller/lib/a105_controller/sender
-- Up-to-date: /home/mobile/ros2_ws/src/install/a105_controller/share/a105_controller//launch
-- Up-to-date: /home/mobile/ros2_ws/src/install/a105_controller/share/a105_controller//launch/controller_105.launch.py
-- Up-to-date: /home/mobile/ros2_ws/src/install/a105_controller/share/ament_index/resource_index/package_run_dependencies/a105_controller
-- Up-to-date: /home/mobile/ros2_ws/src/install/a105_controller/share/ament_index/resource_index/parent_prefix_path/a105_controller
-- Up-to-date: /home/mobile/ros2_ws/src/install/a105_controller/share/a105_controller/environment/ament_prefix_path.sh
-- Up-to-date: /home/mobile/ros2_ws/src/install/a105_controller/share/a105_controller/environment/ament_prefix_path.dsv
-- Up-to-date: /home/mobile/ros2_ws/src/install/a105_controller/share/a105_controller/environment/path.sh
-- Up-to-date: /home/mobile/ros2_ws/src/install/a105_controller/share/a105_controller/environment/path.dsv
-- Up-to-date: /home/mobile/ros2_ws/src/install/a105_controller/share/a105_controller/local_setup.bash
-- Up-to-date: /home/mobile/ros2_ws/src/install/a105_controller/share/a105_controller/local_setup.sh
-- Up-to-date: /home/mobile/ros2_ws/src/install/a105_controller/share/a105_controller/local_setup.zsh
-- Up-to-date: /home/mobile/ros2_ws/src/install/a105_controller/share/a105_controller/local_setup.dsv
-- Installing: /home/mobile/ros2_ws/src/install/a105_controller/share/a105_controller/package.dsv
-- Up-to-date: /home/mobile/ros2_ws/src/install/a105_controller/share/ament_index/resource_index/packages/a105_controller
-- Up-to-date: /home/mobile/ros2_ws/src/install/a105_controller/share/a105_controller/cmake/a105_controllerConfig.cmake
-- Up-to-date: /home/mobile/ros2_ws/src/install/a105_controller/share/a105_controller/cmake/a105_controllerConfig-version.cmake
-- Up-to-date: /home/mobile/ros2_ws/src/install/a105_controller/share/a105_controller/package.xml
