[0.037s] Invoking command in '/home/mobile/ros2_ws/src/build/a105_controller': CMAKE_PREFIX_PATH=${CMAKE_PREFIX_PATH}:/opt/ros/humble /usr/bin/cmake --build /home/mobile/ros2_ws/src/build/a105_controller -- -j16 -l16
[0.081s] [100%] Built target sender
[0.098s] Invoked command in '/home/mobile/ros2_ws/src/build/a105_controller' returned '0': CMAKE_PREFIX_PATH=${CMAKE_PREFIX_PATH}:/opt/ros/humble /usr/bin/cmake --build /home/mobile/ros2_ws/src/build/a105_controller -- -j16 -l16
[0.099s] Invoking command in '/home/mobile/ros2_ws/src/build/a105_controller': CMAKE_PREFIX_PATH=${CMAKE_PREFIX_PATH}:/opt/ros/humble /usr/bin/cmake --install /home/mobile/ros2_ws/src/build/a105_controller
[0.104s] -- Install configuration: ""
[0.104s] -- Up-to-date: /home/mobile/ros2_ws/src/install/a105_controller/lib/a105_controller/sender
[0.104s] -- Up-to-date: /home/mobile/ros2_ws/src/install/a105_controller/share/a105_controller//launch
[0.104s] -- Up-to-date: /home/mobile/ros2_ws/src/install/a105_controller/share/a105_controller//launch/controller_105.launch.py
[0.104s] -- Up-to-date: /home/mobile/ros2_ws/src/install/a105_controller/share/ament_index/resource_index/package_run_dependencies/a105_controller
[0.104s] -- Up-to-date: /home/mobile/ros2_ws/src/install/a105_controller/share/ament_index/resource_index/parent_prefix_path/a105_controller
[0.104s] -- Up-to-date: /home/mobile/ros2_ws/src/install/a105_controller/share/a105_controller/environment/ament_prefix_path.sh
[0.105s] -- Up-to-date: /home/mobile/ros2_ws/src/install/a105_controller/share/a105_controller/environment/ament_prefix_path.dsv
[0.105s] -- Up-to-date: /home/mobile/ros2_ws/src/install/a105_controller/share/a105_controller/environment/path.sh
[0.105s] -- Up-to-date: /home/mobile/ros2_ws/src/install/a105_controller/share/a105_controller/environment/path.dsv
[0.105s] -- Up-to-date: /home/mobile/ros2_ws/src/install/a105_controller/share/a105_controller/local_setup.bash
[0.105s] -- Up-to-date: /home/mobile/ros2_ws/src/install/a105_controller/share/a105_controller/local_setup.sh
[0.105s] -- Up-to-date: /home/mobile/ros2_ws/src/install/a105_controller/share/a105_controller/local_setup.zsh
[0.105s] -- Up-to-date: /home/mobile/ros2_ws/src/install/a105_controller/share/a105_controller/local_setup.dsv
[0.105s] -- Installing: /home/mobile/ros2_ws/src/install/a105_controller/share/a105_controller/package.dsv
[0.105s] -- Up-to-date: /home/mobile/ros2_ws/src/install/a105_controller/share/ament_index/resource_index/packages/a105_controller
[0.105s] -- Up-to-date: /home/mobile/ros2_ws/src/install/a105_controller/share/a105_controller/cmake/a105_controllerConfig.cmake
[0.105s] -- Up-to-date: /home/mobile/ros2_ws/src/install/a105_controller/share/a105_controller/cmake/a105_controllerConfig-version.cmake
[0.105s] -- Up-to-date: /home/mobile/ros2_ws/src/install/a105_controller/share/a105_controller/package.xml
[0.133s] Invoked command in '/home/mobile/ros2_ws/src/build/a105_controller' returned '0': CMAKE_PREFIX_PATH=${CMAKE_PREFIX_PATH}:/opt/ros/humble /usr/bin/cmake --install /home/mobile/ros2_ws/src/build/a105_controller
