[0.018s] Invoking command in '/home/mobile/ros2_ws/src/build/a105_navigation': CMAKE_PREFIX_PATH=${CMAKE_PREFIX_PATH}:/opt/ros/humble /usr/bin/cmake /home/mobile/ros2_ws/src/a105_navigation -DCMAKE_INSTALL_PREFIX=/home/mobile/ros2_ws/src/install/a105_navigation
[0.055s] -- The C compiler identification is GNU 11.4.0
[0.090s] -- The CXX compiler identification is GNU 11.4.0
[0.095s] -- Detecting C compiler ABI info
[0.151s] -- Detecting C compiler ABI info - done
[0.159s] -- Check for working C compiler: /usr/bin/cc - skipped
[0.159s] -- Detecting C compile features
[0.159s] -- Detecting C compile features - done
[0.161s] -- Detecting CXX compiler ABI info
[0.229s] -- Detecting CXX compiler ABI info - done
[0.236s] -- Check for working CXX compiler: /usr/bin/c++ - skipped
[0.236s] -- Detecting CXX compile features
[0.237s] -- Detecting CXX compile features - done
[0.239s] -- Found ament_cmake: 1.3.12 (/opt/ros/humble/share/ament_cmake/cmake)
[0.387s] -- Found Python3: /usr/bin/python3 (found version "3.10.12") found components: Interpreter 
[0.480s] -- Found ament_lint_auto: 0.12.14 (/opt/ros/humble/share/ament_lint_auto/cmake)
[0.560s] -- Added test 'flake8' to check Python code syntax and style conventions
[0.561s] -- Added test 'lint_cmake' to check CMake code style
[0.562s] -- Added test 'pep257' to check Python code against some of the docstring style conventions in PEP 257
[0.563s] -- Added test 'xmllint' to check XML markup files
[0.564s] -- Configuring done
[0.568s] -- Generating done
[0.569s] -- Build files have been written to: /home/mobile/ros2_ws/src/build/a105_navigation
[0.573s] Invoked command in '/home/mobile/ros2_ws/src/build/a105_navigation' returned '0': CMAKE_PREFIX_PATH=${CMAKE_PREFIX_PATH}:/opt/ros/humble /usr/bin/cmake /home/mobile/ros2_ws/src/a105_navigation -DCMAKE_INSTALL_PREFIX=/home/mobile/ros2_ws/src/install/a105_navigation
[0.575s] Invoking command in '/home/mobile/ros2_ws/src/build/a105_navigation': CMAKE_PREFIX_PATH=${CMAKE_PREFIX_PATH}:/opt/ros/humble /usr/bin/cmake --build /home/mobile/ros2_ws/src/build/a105_navigation -- -j16 -l16
[0.603s] Invoked command in '/home/mobile/ros2_ws/src/build/a105_navigation' returned '0': CMAKE_PREFIX_PATH=${CMAKE_PREFIX_PATH}:/opt/ros/humble /usr/bin/cmake --build /home/mobile/ros2_ws/src/build/a105_navigation -- -j16 -l16
[0.611s] Invoking command in '/home/mobile/ros2_ws/src/build/a105_navigation': CMAKE_PREFIX_PATH=${CMAKE_PREFIX_PATH}:/opt/ros/humble /usr/bin/cmake --install /home/mobile/ros2_ws/src/build/a105_navigation
[0.615s] -- Install configuration: ""
[0.615s] -- Installing: /home/mobile/ros2_ws/src/install/a105_navigation/share/a105_navigation//launch
[0.615s] -- Installing: /home/mobile/ros2_ws/src/install/a105_navigation/share/a105_navigation//launch/ekf.launch.py
[0.615s] -- Installing: /home/mobile/ros2_ws/src/install/a105_navigation/share/a105_navigation//config
[0.615s] -- Installing: /home/mobile/ros2_ws/src/install/a105_navigation/share/a105_navigation//config/ekf_params.yaml
[0.615s] -- Installing: /home/mobile/ros2_ws/src/install/a105_navigation/share/ament_index/resource_index/package_run_dependencies/a105_navigation
[0.615s] -- Installing: /home/mobile/ros2_ws/src/install/a105_navigation/share/ament_index/resource_index/parent_prefix_path/a105_navigation
[0.616s] -- Installing: /home/mobile/ros2_ws/src/install/a105_navigation/share/a105_navigation/environment/ament_prefix_path.sh
[0.616s] -- Installing: /home/mobile/ros2_ws/src/install/a105_navigation/share/a105_navigation/environment/ament_prefix_path.dsv
[0.616s] -- Installing: /home/mobile/ros2_ws/src/install/a105_navigation/share/a105_navigation/environment/path.sh
[0.616s] -- Installing: /home/mobile/ros2_ws/src/install/a105_navigation/share/a105_navigation/environment/path.dsv
[0.616s] -- Installing: /home/mobile/ros2_ws/src/install/a105_navigation/share/a105_navigation/local_setup.bash
[0.616s] -- Installing: /home/mobile/ros2_ws/src/install/a105_navigation/share/a105_navigation/local_setup.sh
[0.616s] -- Installing: /home/mobile/ros2_ws/src/install/a105_navigation/share/a105_navigation/local_setup.zsh
[0.616s] -- Installing: /home/mobile/ros2_ws/src/install/a105_navigation/share/a105_navigation/local_setup.dsv
[0.616s] -- Installing: /home/mobile/ros2_ws/src/install/a105_navigation/share/a105_navigation/package.dsv
[0.616s] -- Installing: /home/mobile/ros2_ws/src/install/a105_navigation/share/ament_index/resource_index/packages/a105_navigation
[0.616s] -- Installing: /home/mobile/ros2_ws/src/install/a105_navigation/share/a105_navigation/cmake/a105_navigationConfig.cmake
[0.616s] -- Installing: /home/mobile/ros2_ws/src/install/a105_navigation/share/a105_navigation/cmake/a105_navigationConfig-version.cmake
[0.616s] -- Installing: /home/mobile/ros2_ws/src/install/a105_navigation/share/a105_navigation/package.xml
[0.618s] Invoked command in '/home/mobile/ros2_ws/src/build/a105_navigation' returned '0': CMAKE_PREFIX_PATH=${CMAKE_PREFIX_PATH}:/opt/ros/humble /usr/bin/cmake --install /home/mobile/ros2_ws/src/build/a105_navigation
