[0.019s] Invoking command in '/home/mobile/ros2_ws/src/build/ros2_laser_scan_matcher': AMENT_PREFIX_PATH=/home/mobile/ros2_ws/src/install/csm:${AMENT_PREFIX_PATH} CMAKE_PREFIX_PATH=/home/mobile/ros2_ws/src/install/csm:/home/mobile/ros2_ws/install/ros2_laser_scan_matcher:/home/mobile/ros2_ws/install/csm:/home/mobile/ros2_ws/install/a105_webots_bridge:/home/mobile/ros2_ws/install/a105_path_planner:/home/mobile/ros2_ws/install/a105_navigation:/home/mobile/ros2_ws/install/a105_description:/home/mobile/ros2_ws/install/a105_custom_slam:/home/mobile/ros2_ws/install/a105_controller:/home/mobile/ros2_ws/install/a105_bringup:/opt/ros/humble LD_LIBRARY_PATH=/home/mobile/ros2_ws/src/install/csm/lib:${LD_LIBRARY_PATH} /usr/bin/cmake --build /home/mobile/ros2_ws/src/build/ros2_laser_scan_matcher -- -j16 -l16
[0.054s] [35m[1mConsolidate compiler generated dependencies of target laser_scan_matcher[0m
[0.072s] [100%] Built target laser_scan_matcher
[0.080s] Invoked command in '/home/mobile/ros2_ws/src/build/ros2_laser_scan_matcher' returned '0': AMENT_PREFIX_PATH=/home/mobile/ros2_ws/src/install/csm:${AMENT_PREFIX_PATH} CMAKE_PREFIX_PATH=/home/mobile/ros2_ws/src/install/csm:/home/mobile/ros2_ws/install/ros2_laser_scan_matcher:/home/mobile/ros2_ws/install/csm:/home/mobile/ros2_ws/install/a105_webots_bridge:/home/mobile/ros2_ws/install/a105_path_planner:/home/mobile/ros2_ws/install/a105_navigation:/home/mobile/ros2_ws/install/a105_description:/home/mobile/ros2_ws/install/a105_custom_slam:/home/mobile/ros2_ws/install/a105_controller:/home/mobile/ros2_ws/install/a105_bringup:/opt/ros/humble LD_LIBRARY_PATH=/home/mobile/ros2_ws/src/install/csm/lib:${LD_LIBRARY_PATH} /usr/bin/cmake --build /home/mobile/ros2_ws/src/build/ros2_laser_scan_matcher -- -j16 -l16
[0.080s] Invoking command in '/home/mobile/ros2_ws/src/build/ros2_laser_scan_matcher': AMENT_PREFIX_PATH=/home/mobile/ros2_ws/src/install/csm:${AMENT_PREFIX_PATH} CMAKE_PREFIX_PATH=/home/mobile/ros2_ws/src/install/csm:/home/mobile/ros2_ws/install/ros2_laser_scan_matcher:/home/mobile/ros2_ws/install/csm:/home/mobile/ros2_ws/install/a105_webots_bridge:/home/mobile/ros2_ws/install/a105_path_planner:/home/mobile/ros2_ws/install/a105_navigation:/home/mobile/ros2_ws/install/a105_description:/home/mobile/ros2_ws/install/a105_custom_slam:/home/mobile/ros2_ws/install/a105_controller:/home/mobile/ros2_ws/install/a105_bringup:/opt/ros/humble LD_LIBRARY_PATH=/home/mobile/ros2_ws/src/install/csm/lib:${LD_LIBRARY_PATH} /usr/bin/cmake --install /home/mobile/ros2_ws/src/build/ros2_laser_scan_matcher
[0.084s] -- Install configuration: ""
[0.084s] -- Up-to-date: /home/mobile/ros2_ws/src/install/ros2_laser_scan_matcher/lib/ros2_laser_scan_matcher/laser_scan_matcher
[0.084s] -- Up-to-date: /home/mobile/ros2_ws/src/install/ros2_laser_scan_matcher/share/ament_index/resource_index/package_run_dependencies/ros2_laser_scan_matcher
[0.085s] -- Up-to-date: /home/mobile/ros2_ws/src/install/ros2_laser_scan_matcher/share/ament_index/resource_index/parent_prefix_path/ros2_laser_scan_matcher
[0.085s] -- Up-to-date: /home/mobile/ros2_ws/src/install/ros2_laser_scan_matcher/share/ros2_laser_scan_matcher/environment/ament_prefix_path.sh
[0.085s] -- Up-to-date: /home/mobile/ros2_ws/src/install/ros2_laser_scan_matcher/share/ros2_laser_scan_matcher/environment/ament_prefix_path.dsv
[0.085s] -- Up-to-date: /home/mobile/ros2_ws/src/install/ros2_laser_scan_matcher/share/ros2_laser_scan_matcher/environment/path.sh
[0.085s] -- Up-to-date: /home/mobile/ros2_ws/src/install/ros2_laser_scan_matcher/share/ros2_laser_scan_matcher/environment/path.dsv
[0.085s] -- Up-to-date: /home/mobile/ros2_ws/src/install/ros2_laser_scan_matcher/share/ros2_laser_scan_matcher/local_setup.bash
[0.085s] -- Up-to-date: /home/mobile/ros2_ws/src/install/ros2_laser_scan_matcher/share/ros2_laser_scan_matcher/local_setup.sh
[0.085s] -- Up-to-date: /home/mobile/ros2_ws/src/install/ros2_laser_scan_matcher/share/ros2_laser_scan_matcher/local_setup.zsh
[0.085s] -- Up-to-date: /home/mobile/ros2_ws/src/install/ros2_laser_scan_matcher/share/ros2_laser_scan_matcher/local_setup.dsv
[0.085s] -- Installing: /home/mobile/ros2_ws/src/install/ros2_laser_scan_matcher/share/ros2_laser_scan_matcher/package.dsv
[0.085s] -- Up-to-date: /home/mobile/ros2_ws/src/install/ros2_laser_scan_matcher/share/ament_index/resource_index/packages/ros2_laser_scan_matcher
[0.085s] -- Up-to-date: /home/mobile/ros2_ws/src/install/ros2_laser_scan_matcher/share/ros2_laser_scan_matcher/cmake/ros2_laser_scan_matcherConfig.cmake
[0.085s] -- Up-to-date: /home/mobile/ros2_ws/src/install/ros2_laser_scan_matcher/share/ros2_laser_scan_matcher/cmake/ros2_laser_scan_matcherConfig-version.cmake
[0.085s] -- Up-to-date: /home/mobile/ros2_ws/src/install/ros2_laser_scan_matcher/share/ros2_laser_scan_matcher/package.xml
[0.086s] Invoked command in '/home/mobile/ros2_ws/src/build/ros2_laser_scan_matcher' returned '0': AMENT_PREFIX_PATH=/home/mobile/ros2_ws/src/install/csm:${AMENT_PREFIX_PATH} CMAKE_PREFIX_PATH=/home/mobile/ros2_ws/src/install/csm:/home/mobile/ros2_ws/install/ros2_laser_scan_matcher:/home/mobile/ros2_ws/install/csm:/home/mobile/ros2_ws/install/a105_webots_bridge:/home/mobile/ros2_ws/install/a105_path_planner:/home/mobile/ros2_ws/install/a105_navigation:/home/mobile/ros2_ws/install/a105_description:/home/mobile/ros2_ws/install/a105_custom_slam:/home/mobile/ros2_ws/install/a105_controller:/home/mobile/ros2_ws/install/a105_bringup:/opt/ros/humble LD_LIBRARY_PATH=/home/mobile/ros2_ws/src/install/csm/lib:${LD_LIBRARY_PATH} /usr/bin/cmake --install /home/mobile/ros2_ws/src/build/ros2_laser_scan_matcher
