[0.025s] Invoking command in '/home/mobile/ros2_ws/src/build/a105_description': CMAKE_PREFIX_PATH=${CMAKE_PREFIX_PATH}:/opt/ros/humble /usr/bin/cmake /home/mobile/ros2_ws/src/a105_description -DCMAKE_INSTALL_PREFIX=/home/mobile/ros2_ws/src/install/a105_description
[0.075s] -- The C compiler identification is GNU 11.4.0
[0.115s] -- The CXX compiler identification is GNU 11.4.0
[0.122s] -- Detecting C compiler ABI info
[0.179s] -- Detecting C compiler ABI info - done
[0.184s] -- Check for working C compiler: /usr/bin/cc - skipped
[0.184s] -- Detecting C compile features
[0.184s] -- Detecting C compile features - done
[0.186s] -- Detecting CXX compiler ABI info
[0.234s] -- Detecting CXX compiler ABI info - done
[0.239s] -- Check for working CXX compiler: /usr/bin/c++ - skipped
[0.239s] -- Detecting CXX compile features
[0.239s] -- Detecting CXX compile features - done
[0.242s] -- Found ament_cmake: 1.3.12 (/opt/ros/humble/share/ament_cmake/cmake)
[0.378s] -- Found Python3: /usr/bin/python3 (found version "3.10.12") found components: Interpreter 
[0.472s] -- Found rclcpp: 16.0.15 (/opt/ros/humble/share/rclcpp/cmake)
[0.535s] -- Found rosidl_generator_c: 3.1.7 (/opt/ros/humble/share/rosidl_generator_c/cmake)
[0.541s] -- Found rosidl_adapter: 3.1.7 (/opt/ros/humble/share/rosidl_adapter/cmake)
[0.548s] -- Found rosidl_generator_cpp: 3.1.7 (/opt/ros/humble/share/rosidl_generator_cpp/cmake)
[0.558s] -- Using all available rosidl_typesupport_c: rosidl_typesupport_fastrtps_c;rosidl_typesupport_introspection_c
[0.572s] -- Using all available rosidl_typesupport_cpp: rosidl_typesupport_fastrtps_cpp;rosidl_typesupport_introspection_cpp
[0.611s] -- Found rmw_implementation_cmake: 6.1.2 (/opt/ros/humble/share/rmw_implementation_cmake/cmake)
[0.613s] -- Found rmw_fastrtps_cpp: 6.2.8 (/opt/ros/humble/share/rmw_fastrtps_cpp/cmake)
[0.691s] -- Found OpenSSL: /usr/lib/x86_64-linux-gnu/libcrypto.so (found version "3.0.2")  
[0.720s] -- Found FastRTPS: /opt/ros/humble/include  
[0.758s] -- Using RMW implementation 'rmw_fastrtps_cpp' as default
[0.766s] -- Looking for pthread.h
[0.818s] -- Looking for pthread.h - found
[0.819s] -- Performing Test CMAKE_HAVE_LIBC_PTHREAD
[0.878s] -- Performing Test CMAKE_HAVE_LIBC_PTHREAD - Success
[0.879s] -- Found Threads: TRUE  
[0.929s] -- Found tf2_ros: 0.25.16 (/opt/ros/humble/share/tf2_ros/cmake)
[1.175s] -- Configuring done
[1.203s] -- Generating done
[1.215s] -- Build files have been written to: /home/mobile/ros2_ws/src/build/a105_description
[1.249s] Invoked command in '/home/mobile/ros2_ws/src/build/a105_description' returned '0': CMAKE_PREFIX_PATH=${CMAKE_PREFIX_PATH}:/opt/ros/humble /usr/bin/cmake /home/mobile/ros2_ws/src/a105_description -DCMAKE_INSTALL_PREFIX=/home/mobile/ros2_ws/src/install/a105_description
[1.249s] Invoking command in '/home/mobile/ros2_ws/src/build/a105_description': CMAKE_PREFIX_PATH=${CMAKE_PREFIX_PATH}:/opt/ros/humble /usr/bin/cmake --build /home/mobile/ros2_ws/src/build/a105_description -- -j16 -l16
[1.351s] [ 50%] [32mBuilding CXX object CMakeFiles/tf_broadcaster.dir/src/tf_broadcaster.cpp.o[0m
[5.857s] [100%] [32m[1mLinking CXX executable tf_broadcaster[0m
[6.063s] [100%] Built target tf_broadcaster
[6.076s] Invoked command in '/home/mobile/ros2_ws/src/build/a105_description' returned '0': CMAKE_PREFIX_PATH=${CMAKE_PREFIX_PATH}:/opt/ros/humble /usr/bin/cmake --build /home/mobile/ros2_ws/src/build/a105_description -- -j16 -l16
[6.076s] Invoking command in '/home/mobile/ros2_ws/src/build/a105_description': CMAKE_PREFIX_PATH=${CMAKE_PREFIX_PATH}:/opt/ros/humble /usr/bin/cmake --install /home/mobile/ros2_ws/src/build/a105_description
[6.085s] -- Install configuration: ""
[6.085s] -- Installing: /home/mobile/ros2_ws/src/install/a105_description/lib/a105_description/tf_broadcaster
[6.087s] -- Set runtime path of "/home/mobile/ros2_ws/src/install/a105_description/lib/a105_description/tf_broadcaster" to ""
[6.087s] -- Installing: /home/mobile/ros2_ws/src/install/a105_description/share/ament_index/resource_index/package_run_dependencies/a105_description
[6.087s] -- Installing: /home/mobile/ros2_ws/src/install/a105_description/share/ament_index/resource_index/parent_prefix_path/a105_description
[6.087s] -- Installing: /home/mobile/ros2_ws/src/install/a105_description/share/a105_description/environment/ament_prefix_path.sh
[6.087s] -- Installing: /home/mobile/ros2_ws/src/install/a105_description/share/a105_description/environment/ament_prefix_path.dsv
[6.087s] -- Installing: /home/mobile/ros2_ws/src/install/a105_description/share/a105_description/environment/path.sh
[6.087s] -- Installing: /home/mobile/ros2_ws/src/install/a105_description/share/a105_description/environment/path.dsv
[6.087s] -- Installing: /home/mobile/ros2_ws/src/install/a105_description/share/a105_description/local_setup.bash
[6.088s] -- Installing: /home/mobile/ros2_ws/src/install/a105_description/share/a105_description/local_setup.sh
[6.088s] -- Installing: /home/mobile/ros2_ws/src/install/a105_description/share/a105_description/local_setup.zsh
[6.088s] -- Installing: /home/mobile/ros2_ws/src/install/a105_description/share/a105_description/local_setup.dsv
[6.088s] -- Installing: /home/mobile/ros2_ws/src/install/a105_description/share/a105_description/package.dsv
[6.088s] -- Installing: /home/mobile/ros2_ws/src/install/a105_description/share/ament_index/resource_index/packages/a105_description
[6.088s] -- Installing: /home/mobile/ros2_ws/src/install/a105_description/share/a105_description/cmake/a105_descriptionConfig.cmake
[6.089s] -- Installing: /home/mobile/ros2_ws/src/install/a105_description/share/a105_description/cmake/a105_descriptionConfig-version.cmake
[6.089s] -- Installing: /home/mobile/ros2_ws/src/install/a105_description/share/a105_description/package.xml
[6.091s] Invoked command in '/home/mobile/ros2_ws/src/build/a105_description' returned '0': CMAKE_PREFIX_PATH=${CMAKE_PREFIX_PATH}:/opt/ros/humble /usr/bin/cmake --install /home/mobile/ros2_ws/src/build/a105_description
