[0.023s] Invoking command in '/home/mobile/ros2_ws/src/build/a105_navigation': CMAKE_PREFIX_PATH=${CMAKE_PREFIX_PATH}:/opt/ros/humble /usr/bin/cmake --build /home/mobile/ros2_ws/src/build/a105_navigation -- -j16 -l16
[0.074s] Invoked command in '/home/mobile/ros2_ws/src/build/a105_navigation' returned '0': CMAKE_PREFIX_PATH=${CMAKE_PREFIX_PATH}:/opt/ros/humble /usr/bin/cmake --build /home/mobile/ros2_ws/src/build/a105_navigation -- -j16 -l16
[0.075s] Invoking command in '/home/mobile/ros2_ws/src/build/a105_navigation': CMAKE_PREFIX_PATH=${CMAKE_PREFIX_PATH}:/opt/ros/humble /usr/bin/cmake --install /home/mobile/ros2_ws/src/build/a105_navigation
[0.080s] -- Install configuration: ""
[0.080s] -- Up-to-date: /home/mobile/ros2_ws/src/install/a105_navigation/share/a105_navigation//launch
[0.080s] -- Up-to-date: /home/mobile/ros2_ws/src/install/a105_navigation/share/a105_navigation//launch/ekf.launch.py
[0.080s] -- Up-to-date: /home/mobile/ros2_ws/src/install/a105_navigation/share/a105_navigation//config
[0.080s] -- Up-to-date: /home/mobile/ros2_ws/src/install/a105_navigation/share/a105_navigation//config/ekf_params.yaml
[0.080s] -- Up-to-date: /home/mobile/ros2_ws/src/install/a105_navigation/share/ament_index/resource_index/package_run_dependencies/a105_navigation
[0.080s] -- Up-to-date: /home/mobile/ros2_ws/src/install/a105_navigation/share/ament_index/resource_index/parent_prefix_path/a105_navigation
[0.080s] -- Up-to-date: /home/mobile/ros2_ws/src/install/a105_navigation/share/a105_navigation/environment/ament_prefix_path.sh
[0.080s] -- Up-to-date: /home/mobile/ros2_ws/src/install/a105_navigation/share/a105_navigation/environment/ament_prefix_path.dsv
[0.080s] -- Up-to-date: /home/mobile/ros2_ws/src/install/a105_navigation/share/a105_navigation/environment/path.sh
[0.080s] -- Up-to-date: /home/mobile/ros2_ws/src/install/a105_navigation/share/a105_navigation/environment/path.dsv
[0.081s] -- Up-to-date: /home/mobile/ros2_ws/src/install/a105_navigation/share/a105_navigation/local_setup.bash
[0.081s] -- Up-to-date: /home/mobile/ros2_ws/src/install/a105_navigation/share/a105_navigation/local_setup.sh
[0.081s] -- Up-to-date: /home/mobile/ros2_ws/src/install/a105_navigation/share/a105_navigation/local_setup.zsh
[0.081s] -- Up-to-date: /home/mobile/ros2_ws/src/install/a105_navigation/share/a105_navigation/local_setup.dsv
[0.081s] -- Installing: /home/mobile/ros2_ws/src/install/a105_navigation/share/a105_navigation/package.dsv
[0.081s] -- Up-to-date: /home/mobile/ros2_ws/src/install/a105_navigation/share/ament_index/resource_index/packages/a105_navigation
[0.081s] -- Up-to-date: /home/mobile/ros2_ws/src/install/a105_navigation/share/a105_navigation/cmake/a105_navigationConfig.cmake
[0.081s] -- Up-to-date: /home/mobile/ros2_ws/src/install/a105_navigation/share/a105_navigation/cmake/a105_navigationConfig-version.cmake
[0.081s] -- Up-to-date: /home/mobile/ros2_ws/src/install/a105_navigation/share/a105_navigation/package.xml
[0.088s] Invoked command in '/home/mobile/ros2_ws/src/build/a105_navigation' returned '0': CMAKE_PREFIX_PATH=${CMAKE_PREFIX_PATH}:/opt/ros/humble /usr/bin/cmake --install /home/mobile/ros2_ws/src/build/a105_navigation
