[ 50%] Built target ekf_navigator
[100%] Built target segment_grid_mapper
-- Install configuration: ""
-- Up-to-date: /home/mobile/ros2_ws/src/install/a105_custom_slam/lib/a105_custom_slam/segment_grid_mapper
-- Up-to-date: /home/mobile/ros2_ws/src/install/a105_custom_slam/lib/a105_custom_slam/ekf_navigator
-- Up-to-date: /home/mobile/ros2_ws/src/install/a105_custom_slam/share/a105_custom_slam/config
-- Up-to-date: /home/mobile/ros2_ws/src/install/a105_custom_slam/share/a105_custom_slam/config/segment_grid_mapper.yaml
-- Up-to-date: /home/mobile/ros2_ws/src/install/a105_custom_slam/share/ament_index/resource_index/package_run_dependencies/a105_custom_slam
-- Up-to-date: /home/mobile/ros2_ws/src/install/a105_custom_slam/share/ament_index/resource_index/parent_prefix_path/a105_custom_slam
-- Up-to-date: /home/mobile/ros2_ws/src/install/a105_custom_slam/share/a105_custom_slam/environment/ament_prefix_path.sh
-- Up-to-date: /home/mobile/ros2_ws/src/install/a105_custom_slam/share/a105_custom_slam/environment/ament_prefix_path.dsv
-- Up-to-date: /home/mobile/ros2_ws/src/install/a105_custom_slam/share/a105_custom_slam/environment/path.sh
-- Up-to-date: /home/mobile/ros2_ws/src/install/a105_custom_slam/share/a105_custom_slam/environment/path.dsv
-- Up-to-date: /home/mobile/ros2_ws/src/install/a105_custom_slam/share/a105_custom_slam/local_setup.bash
-- Up-to-date: /home/mobile/ros2_ws/src/install/a105_custom_slam/share/a105_custom_slam/local_setup.sh
-- Up-to-date: /home/mobile/ros2_ws/src/install/a105_custom_slam/share/a105_custom_slam/local_setup.zsh
-- Up-to-date: /home/mobile/ros2_ws/src/install/a105_custom_slam/share/a105_custom_slam/local_setup.dsv
-- Installing: /home/mobile/ros2_ws/src/install/a105_custom_slam/share/a105_custom_slam/package.dsv
-- Up-to-date: /home/mobile/ros2_ws/src/install/a105_custom_slam/share/ament_index/resource_index/packages/a105_custom_slam
-- Up-to-date: /home/mobile/ros2_ws/src/install/a105_custom_slam/share/a105_custom_slam/cmake/a105_custom_slamConfig.cmake
-- Up-to-date: /home/mobile/ros2_ws/src/install/a105_custom_slam/share/a105_custom_slam/cmake/a105_custom_slamConfig-version.cmake
-- Up-to-date: /home/mobile/ros2_ws/src/install/a105_custom_slam/share/a105_custom_slam/package.xml
