[35m[1mConsolidate compiler generated dependencies of target 3d_webots_bridge_node[0m
[35m[1mConsolidate compiler generated dependencies of target webots_bridge_node[0m
[ 50%] Built target 3d_webots_bridge_node
[100%] Built target webots_bridge_node
-- Install configuration: ""
-- Up-to-date: /home/mobile/ros2_ws/src/install/a105_webots_bridge/lib/a105_webots_bridge/webots_bridge_node
-- Up-to-date: /home/mobile/ros2_ws/src/install/a105_webots_bridge/lib/a105_webots_bridge/3d_webots_bridge_node
-- Up-to-date: /home/mobile/ros2_ws/src/install/a105_webots_bridge/share/ament_index/resource_index/package_run_dependencies/a105_webots_bridge
-- Up-to-date: /home/mobile/ros2_ws/src/install/a105_webots_bridge/share/ament_index/resource_index/parent_prefix_path/a105_webots_bridge
-- Up-to-date: /home/mobile/ros2_ws/src/install/a105_webots_bridge/share/a105_webots_bridge/environment/ament_prefix_path.sh
-- Up-to-date: /home/mobile/ros2_ws/src/install/a105_webots_bridge/share/a105_webots_bridge/environment/ament_prefix_path.dsv
-- Up-to-date: /home/mobile/ros2_ws/src/install/a105_webots_bridge/share/a105_webots_bridge/environment/path.sh
-- Up-to-date: /home/mobile/ros2_ws/src/install/a105_webots_bridge/share/a105_webots_bridge/environment/path.dsv
-- Up-to-date: /home/mobile/ros2_ws/src/install/a105_webots_bridge/share/a105_webots_bridge/local_setup.bash
-- Up-to-date: /home/mobile/ros2_ws/src/install/a105_webots_bridge/share/a105_webots_bridge/local_setup.sh
-- Up-to-date: /home/mobile/ros2_ws/src/install/a105_webots_bridge/share/a105_webots_bridge/local_setup.zsh
-- Up-to-date: /home/mobile/ros2_ws/src/install/a105_webots_bridge/share/a105_webots_bridge/local_setup.dsv
-- Installing: /home/mobile/ros2_ws/src/install/a105_webots_bridge/share/a105_webots_bridge/package.dsv
-- Up-to-date: /home/mobile/ros2_ws/src/install/a105_webots_bridge/share/ament_index/resource_index/packages/a105_webots_bridge
-- Up-to-date: /home/mobile/ros2_ws/src/install/a105_webots_bridge/share/a105_webots_bridge/cmake/a105_webots_bridgeConfig.cmake
-- Up-to-date: /home/mobile/ros2_ws/src/install/a105_webots_bridge/share/a105_webots_bridge/cmake/a105_webots_bridgeConfig-version.cmake
-- Up-to-date: /home/mobile/ros2_ws/src/install/a105_webots_bridge/share/a105_webots_bridge/package.xml
