[0.022s] Invoking command in '/home/mobile/ros2_ws/src/build/a105_webots_bridge': CMAKE_PREFIX_PATH=${CMAKE_PREFIX_PATH}:/opt/ros/humble /usr/bin/cmake --build /home/mobile/ros2_ws/src/build/a105_webots_bridge -- -j16 -l16
[0.055s] [35m[1mConsolidate compiler generated dependencies of target 3d_webots_bridge_node[0m
[0.055s] [35m[1mConsolidate compiler generated dependencies of target webots_bridge_node[0m
[0.065s] [ 50%] Built target 3d_webots_bridge_node
[0.068s] [100%] Built target webots_bridge_node
[0.090s] Invoked command in '/home/mobile/ros2_ws/src/build/a105_webots_bridge' returned '0': CMAKE_PREFIX_PATH=${CMAKE_PREFIX_PATH}:/opt/ros/humble /usr/bin/cmake --build /home/mobile/ros2_ws/src/build/a105_webots_bridge -- -j16 -l16
[0.091s] Invoking command in '/home/mobile/ros2_ws/src/build/a105_webots_bridge': CMAKE_PREFIX_PATH=${CMAKE_PREFIX_PATH}:/opt/ros/humble /usr/bin/cmake --install /home/mobile/ros2_ws/src/build/a105_webots_bridge
[0.102s] -- Install configuration: ""
[0.102s] -- Up-to-date: /home/mobile/ros2_ws/src/install/a105_webots_bridge/lib/a105_webots_bridge/webots_bridge_node
[0.102s] -- Up-to-date: /home/mobile/ros2_ws/src/install/a105_webots_bridge/lib/a105_webots_bridge/3d_webots_bridge_node
[0.102s] -- Up-to-date: /home/mobile/ros2_ws/src/install/a105_webots_bridge/share/ament_index/resource_index/package_run_dependencies/a105_webots_bridge
[0.102s] -- Up-to-date: /home/mobile/ros2_ws/src/install/a105_webots_bridge/share/ament_index/resource_index/parent_prefix_path/a105_webots_bridge
[0.102s] -- Up-to-date: /home/mobile/ros2_ws/src/install/a105_webots_bridge/share/a105_webots_bridge/environment/ament_prefix_path.sh
[0.102s] -- Up-to-date: /home/mobile/ros2_ws/src/install/a105_webots_bridge/share/a105_webots_bridge/environment/ament_prefix_path.dsv
[0.103s] -- Up-to-date: /home/mobile/ros2_ws/src/install/a105_webots_bridge/share/a105_webots_bridge/environment/path.sh
[0.103s] -- Up-to-date: /home/mobile/ros2_ws/src/install/a105_webots_bridge/share/a105_webots_bridge/environment/path.dsv
[0.103s] -- Up-to-date: /home/mobile/ros2_ws/src/install/a105_webots_bridge/share/a105_webots_bridge/local_setup.bash
[0.103s] -- Up-to-date: /home/mobile/ros2_ws/src/install/a105_webots_bridge/share/a105_webots_bridge/local_setup.sh
[0.103s] -- Up-to-date: /home/mobile/ros2_ws/src/install/a105_webots_bridge/share/a105_webots_bridge/local_setup.zsh
[0.103s] -- Up-to-date: /home/mobile/ros2_ws/src/install/a105_webots_bridge/share/a105_webots_bridge/local_setup.dsv
[0.103s] -- Installing: /home/mobile/ros2_ws/src/install/a105_webots_bridge/share/a105_webots_bridge/package.dsv
[0.103s] -- Up-to-date: /home/mobile/ros2_ws/src/install/a105_webots_bridge/share/ament_index/resource_index/packages/a105_webots_bridge
[0.103s] -- Up-to-date: /home/mobile/ros2_ws/src/install/a105_webots_bridge/share/a105_webots_bridge/cmake/a105_webots_bridgeConfig.cmake
[0.103s] -- Up-to-date: /home/mobile/ros2_ws/src/install/a105_webots_bridge/share/a105_webots_bridge/cmake/a105_webots_bridgeConfig-version.cmake
[0.104s] -- Up-to-date: /home/mobile/ros2_ws/src/install/a105_webots_bridge/share/a105_webots_bridge/package.xml
[0.138s] Invoked command in '/home/mobile/ros2_ws/src/build/a105_webots_bridge' returned '0': CMAKE_PREFIX_PATH=${CMAKE_PREFIX_PATH}:/opt/ros/humble /usr/bin/cmake --install /home/mobile/ros2_ws/src/build/a105_webots_bridge
