[0.032s] Invoking command in '/home/mobile/ros2_ws/src/build/a105_description': CMAKE_PREFIX_PATH=${CMAKE_PREFIX_PATH}:/opt/ros/humble /usr/bin/cmake --build /home/mobile/ros2_ws/src/build/a105_description -- -j16 -l16
[0.071s] [100%] Built target tf_broadcaster
[0.087s] Invoked command in '/home/mobile/ros2_ws/src/build/a105_description' returned '0': CMAKE_PREFIX_PATH=${CMAKE_PREFIX_PATH}:/opt/ros/humble /usr/bin/cmake --build /home/mobile/ros2_ws/src/build/a105_description -- -j16 -l16
[0.089s] Invoking command in '/home/mobile/ros2_ws/src/build/a105_description': CMAKE_PREFIX_PATH=${CMAKE_PREFIX_PATH}:/opt/ros/humble /usr/bin/cmake --install /home/mobile/ros2_ws/src/build/a105_description
[0.093s] -- Install configuration: ""
[0.094s] -- Up-to-date: /home/mobile/ros2_ws/src/install/a105_description/lib/a105_description/tf_broadcaster
[0.094s] -- Up-to-date: /home/mobile/ros2_ws/src/install/a105_description/share/ament_index/resource_index/package_run_dependencies/a105_description
[0.094s] -- Up-to-date: /home/mobile/ros2_ws/src/install/a105_description/share/ament_index/resource_index/parent_prefix_path/a105_description
[0.094s] -- Up-to-date: /home/mobile/ros2_ws/src/install/a105_description/share/a105_description/environment/ament_prefix_path.sh
[0.094s] -- Up-to-date: /home/mobile/ros2_ws/src/install/a105_description/share/a105_description/environment/ament_prefix_path.dsv
[0.094s] -- Up-to-date: /home/mobile/ros2_ws/src/install/a105_description/share/a105_description/environment/path.sh
[0.094s] -- Up-to-date: /home/mobile/ros2_ws/src/install/a105_description/share/a105_description/environment/path.dsv
[0.094s] -- Up-to-date: /home/mobile/ros2_ws/src/install/a105_description/share/a105_description/local_setup.bash
[0.094s] -- Up-to-date: /home/mobile/ros2_ws/src/install/a105_description/share/a105_description/local_setup.sh
[0.094s] -- Up-to-date: /home/mobile/ros2_ws/src/install/a105_description/share/a105_description/local_setup.zsh
[0.094s] -- Up-to-date: /home/mobile/ros2_ws/src/install/a105_description/share/a105_description/local_setup.dsv
[0.094s] -- Installing: /home/mobile/ros2_ws/src/install/a105_description/share/a105_description/package.dsv
[0.095s] -- Up-to-date: /home/mobile/ros2_ws/src/install/a105_description/share/ament_index/resource_index/packages/a105_description
[0.095s] -- Up-to-date: /home/mobile/ros2_ws/src/install/a105_description/share/a105_description/cmake/a105_descriptionConfig.cmake
[0.095s] -- Up-to-date: /home/mobile/ros2_ws/src/install/a105_description/share/a105_description/cmake/a105_descriptionConfig-version.cmake
[0.095s] -- Up-to-date: /home/mobile/ros2_ws/src/install/a105_description/share/a105_description/package.xml
[0.116s] Invoked command in '/home/mobile/ros2_ws/src/build/a105_description' returned '0': CMAKE_PREFIX_PATH=${CMAKE_PREFIX_PATH}:/opt/ros/humble /usr/bin/cmake --install /home/mobile/ros2_ws/src/build/a105_description
