[0.018s] Invoking command in '/home/mobile/ros2_ws/src/build/a105_path_planner': CMAKE_PREFIX_PATH=${CMAKE_PREFIX_PATH}:/opt/ros/humble /usr/bin/cmake /home/mobile/ros2_ws/src/a105_path_planner -DCMAKE_INSTALL_PREFIX=/home/mobile/ros2_ws/src/install/a105_path_planner
[0.053s] -- The C compiler identification is GNU 11.4.0
[0.107s] -- The CXX compiler identification is GNU 11.4.0
[0.113s] -- Detecting C compiler ABI info
[0.160s] -- Detecting C compiler ABI info - done
[0.168s] -- Check for working C compiler: /usr/bin/cc - skipped
[0.168s] -- Detecting C compile features
[0.169s] -- Detecting C compile features - done
[0.172s] -- Detecting CXX compiler ABI info
[0.247s] -- Detecting CXX compiler ABI info - done
[0.252s] -- Check for working CXX compiler: /usr/bin/c++ - skipped
[0.252s] -- Detecting CXX compile features
[0.252s] -- Detecting CXX compile features - done
[0.254s] -- Found ament_cmake: 1.3.12 (/opt/ros/humble/share/ament_cmake/cmake)
[0.360s] -- Found Python3: /usr/bin/python3 (found version "3.10.12") found components: Interpreter 
[0.459s] -- Found rclcpp: 16.0.15 (/opt/ros/humble/share/rclcpp/cmake)
[0.524s] -- Found rosidl_generator_c: 3.1.7 (/opt/ros/humble/share/rosidl_generator_c/cmake)
[0.533s] -- Found rosidl_adapter: 3.1.7 (/opt/ros/humble/share/rosidl_adapter/cmake)
[0.545s] -- Found rosidl_generator_cpp: 3.1.7 (/opt/ros/humble/share/rosidl_generator_cpp/cmake)
[0.563s] -- Using all available rosidl_typesupport_c: rosidl_typesupport_fastrtps_c;rosidl_typesupport_introspection_c
[0.577s] -- Using all available rosidl_typesupport_cpp: rosidl_typesupport_fastrtps_cpp;rosidl_typesupport_introspection_cpp
[0.632s] -- Found rmw_implementation_cmake: 6.1.2 (/opt/ros/humble/share/rmw_implementation_cmake/cmake)
[0.636s] -- Found rmw_fastrtps_cpp: 6.2.8 (/opt/ros/humble/share/rmw_fastrtps_cpp/cmake)
[0.699s] -- Found OpenSSL: /usr/lib/x86_64-linux-gnu/libcrypto.so (found version "3.0.2")  
[0.731s] -- Found FastRTPS: /opt/ros/humble/include  
[0.778s] -- Using RMW implementation 'rmw_fastrtps_cpp' as default
[0.793s] -- Looking for pthread.h
[0.849s] -- Looking for pthread.h - found
[0.850s] -- Performing Test CMAKE_HAVE_LIBC_PTHREAD
[0.906s] -- Performing Test CMAKE_HAVE_LIBC_PTHREAD - Success
[0.907s] -- Found Threads: TRUE  
[0.943s] -- Found nav2_bringup: 1.1.18 (/opt/ros/humble/share/nav2_bringup/cmake)
[0.945s] -- Found rclcpp_action: 16.0.15 (/opt/ros/humble/share/rclcpp_action/cmake)
[0.986s] -- Found geometry_msgs: 4.9.0 (/opt/ros/humble/share/geometry_msgs/cmake)
[1.004s] -- Found nav2_msgs: 1.1.18 (/opt/ros/humble/share/nav2_msgs/cmake)
[1.055s] -- Found lifecycle_msgs: 1.2.2 (/opt/ros/humble/share/lifecycle_msgs/cmake)
[1.072s] -- Found ament_lint_auto: 0.12.14 (/opt/ros/humble/share/ament_lint_auto/cmake)
[1.192s] -- Added test 'cppcheck' to perform static code analysis on C / C++ code
[1.197s] -- Configured cppcheck include dirs: 
[1.197s] -- Configured cppcheck exclude dirs and/or files: 
[1.197s] -- Added test 'flake8' to check Python code syntax and style conventions
[1.197s] -- Added test 'lint_cmake' to check CMake code style
[1.197s] -- Added test 'pep257' to check Python code against some of the docstring style conventions in PEP 257
[1.197s] -- Added test 'uncrustify' to check C / C++ code style
[1.197s] -- Configured uncrustify additional arguments: 
[1.201s] -- Added test 'xmllint' to check XML markup files
[1.201s] -- Configuring done
[1.213s] -- Generating done
[1.217s] -- Build files have been written to: /home/mobile/ros2_ws/src/build/a105_path_planner
[1.247s] Invoked command in '/home/mobile/ros2_ws/src/build/a105_path_planner' returned '0': CMAKE_PREFIX_PATH=${CMAKE_PREFIX_PATH}:/opt/ros/humble /usr/bin/cmake /home/mobile/ros2_ws/src/a105_path_planner -DCMAKE_INSTALL_PREFIX=/home/mobile/ros2_ws/src/install/a105_path_planner
[1.247s] Invoking command in '/home/mobile/ros2_ws/src/build/a105_path_planner': CMAKE_PREFIX_PATH=${CMAKE_PREFIX_PATH}:/opt/ros/humble /usr/bin/cmake --build /home/mobile/ros2_ws/src/build/a105_path_planner -- -j16 -l16
[1.404s] [ 50%] [32mBuilding CXX object CMakeFiles/nav2_goal_client.dir/src/nav2_goal_client.cpp.o[0m
[6.154s] [100%] [32m[1mLinking CXX executable nav2_goal_client[0m
[6.369s] [100%] Built target nav2_goal_client
[6.381s] Invoked command in '/home/mobile/ros2_ws/src/build/a105_path_planner' returned '0': CMAKE_PREFIX_PATH=${CMAKE_PREFIX_PATH}:/opt/ros/humble /usr/bin/cmake --build /home/mobile/ros2_ws/src/build/a105_path_planner -- -j16 -l16
[6.382s] Invoking command in '/home/mobile/ros2_ws/src/build/a105_path_planner': CMAKE_PREFIX_PATH=${CMAKE_PREFIX_PATH}:/opt/ros/humble /usr/bin/cmake --install /home/mobile/ros2_ws/src/build/a105_path_planner
[6.390s] -- Install configuration: ""
[6.390s] -- Installing: /home/mobile/ros2_ws/src/install/a105_path_planner/share/a105_path_planner//launch
[6.390s] -- Installing: /home/mobile/ros2_ws/src/install/a105_path_planner/share/a105_path_planner//launch/path_planner_nav2.launch.py
[6.390s] -- Installing: /home/mobile/ros2_ws/src/install/a105_path_planner/share/a105_path_planner//launch/go.launch.py
[6.391s] -- Installing: /home/mobile/ros2_ws/src/install/a105_path_planner/share/a105_path_planner//config
[6.391s] -- Installing: /home/mobile/ros2_ws/src/install/a105_path_planner/share/a105_path_planner//config/nav2_middle_age.yaml
[6.391s] -- Installing: /home/mobile/ros2_ws/src/install/a105_path_planner/share/a105_path_planner//config/nav2_params.yaml
[6.391s] -- Installing: /home/mobile/ros2_ws/src/install/a105_path_planner/share/a105_path_planner//config/nav2_old.yaml
[6.391s] -- Installing: /home/mobile/ros2_ws/src/install/a105_path_planner/lib/a105_path_planner/nav2_goal_client
[6.392s] -- Set runtime path of "/home/mobile/ros2_ws/src/install/a105_path_planner/lib/a105_path_planner/nav2_goal_client" to ""
[6.392s] -- Installing: /home/mobile/ros2_ws/src/install/a105_path_planner/share/ament_index/resource_index/package_run_dependencies/a105_path_planner
[6.392s] -- Installing: /home/mobile/ros2_ws/src/install/a105_path_planner/share/ament_index/resource_index/parent_prefix_path/a105_path_planner
[6.393s] -- Installing: /home/mobile/ros2_ws/src/install/a105_path_planner/share/a105_path_planner/environment/ament_prefix_path.sh
[6.393s] -- Installing: /home/mobile/ros2_ws/src/install/a105_path_planner/share/a105_path_planner/environment/ament_prefix_path.dsv
[6.393s] -- Installing: /home/mobile/ros2_ws/src/install/a105_path_planner/share/a105_path_planner/environment/path.sh
[6.393s] -- Installing: /home/mobile/ros2_ws/src/install/a105_path_planner/share/a105_path_planner/environment/path.dsv
[6.393s] -- Installing: /home/mobile/ros2_ws/src/install/a105_path_planner/share/a105_path_planner/local_setup.bash
[6.393s] -- Installing: /home/mobile/ros2_ws/src/install/a105_path_planner/share/a105_path_planner/local_setup.sh
[6.394s] -- Installing: /home/mobile/ros2_ws/src/install/a105_path_planner/share/a105_path_planner/local_setup.zsh
[6.394s] -- Installing: /home/mobile/ros2_ws/src/install/a105_path_planner/share/a105_path_planner/local_setup.dsv
[6.394s] -- Installing: /home/mobile/ros2_ws/src/install/a105_path_planner/share/a105_path_planner/package.dsv
[6.394s] -- Installing: /home/mobile/ros2_ws/src/install/a105_path_planner/share/ament_index/resource_index/packages/a105_path_planner
[6.394s] -- Installing: /home/mobile/ros2_ws/src/install/a105_path_planner/share/a105_path_planner/cmake/a105_path_plannerConfig.cmake
[6.394s] -- Installing: /home/mobile/ros2_ws/src/install/a105_path_planner/share/a105_path_planner/cmake/a105_path_plannerConfig-version.cmake
[6.394s] -- Installing: /home/mobile/ros2_ws/src/install/a105_path_planner/share/a105_path_planner/package.xml
[6.397s] Invoked command in '/home/mobile/ros2_ws/src/build/a105_path_planner' returned '0': CMAKE_PREFIX_PATH=${CMAKE_PREFIX_PATH}:/opt/ros/humble /usr/bin/cmake --install /home/mobile/ros2_ws/src/build/a105_path_planner
