-- Found ament_cmake: 1.3.12 (/opt/ros/humble/share/ament_cmake/cmake)
-- Found rclcpp: 16.0.15 (/opt/ros/humble/share/rclcpp/cmake)
-- Found rosidl_generator_c: 3.1.7 (/opt/ros/humble/share/rosidl_generator_c/cmake)
-- Found rosidl_adapter: 3.1.7 (/opt/ros/humble/share/rosidl_adapter/cmake)
-- Found rosidl_generator_cpp: 3.1.7 (/opt/ros/humble/share/rosidl_generator_cpp/cmake)
-- Using all available rosidl_typesupport_c: rosidl_typesupport_fastrtps_c;rosidl_typesupport_introspection_c
-- Using all available rosidl_typesupport_cpp: rosidl_typesupport_fastrtps_cpp;rosidl_typesupport_introspection_cpp
-- Found rmw_implementation_cmake: 6.1.2 (/opt/ros/humble/share/rmw_implementation_cmake/cmake)
-- Found rmw_fastrtps_cpp: 6.2.9 (/opt/ros/humble/share/rmw_fastrtps_cpp/cmake)
-- Using RMW implementation 'rmw_fastrtps_cpp' as default
-- Found sensor_msgs: 4.9.0 (/opt/ros/humble/share/sensor_msgs/cmake)
-- Found ament_lint_auto: 0.12.14 (/opt/ros/humble/share/ament_lint_auto/cmake)
-- Added test 'cppcheck' to perform static code analysis on C / C++ code
-- Configured cppcheck include dirs: 
-- Configured cppcheck exclude dirs and/or files: 
-- Added test 'flake8' to check Python code syntax and style conventions
-- Added test 'lint_cmake' to check CMake code style
-- Added test 'pep257' to check Python code against some of the docstring style conventions in PEP 257
-- Added test 'uncrustify' to check C / C++ code style
-- Configured uncrustify additional arguments: 
-- Added test 'xmllint' to check XML markup files
-- Configuring done
-- Generating done
-- Build files have been written to: /home/w1nchie/desktop/mts_105_team/build/a105_imu
[ 50%] [32mBuilding CXX object CMakeFiles/imu_node.dir/src/imu_node.cpp.o[0m
[100%] [32m[1mLinking CXX executable imu_node[0m
[100%] Built target imu_node
-- Install configuration: ""
-- Installing: /home/w1nchie/desktop/mts_105_team/install/a105_imu/lib/a105_imu/imu_node
-- Set runtime path of "/home/w1nchie/desktop/mts_105_team/install/a105_imu/lib/a105_imu/imu_node" to ""
-- Installing: /home/w1nchie/desktop/mts_105_team/install/a105_imu/share/a105_imu/launch
-- Installing: /home/w1nchie/desktop/mts_105_team/install/a105_imu/share/a105_imu/launch/imu.launch.py
-- Installing: /home/w1nchie/desktop/mts_105_team/install/a105_imu/share/a105_imu/config
-- Installing: /home/w1nchie/desktop/mts_105_team/install/a105_imu/share/a105_imu/config/imu.yaml
-- Installing: /home/w1nchie/desktop/mts_105_team/install/a105_imu/share/ament_index/resource_index/package_run_dependencies/a105_imu
-- Installing: /home/w1nchie/desktop/mts_105_team/install/a105_imu/share/ament_index/resource_index/parent_prefix_path/a105_imu
-- Installing: /home/w1nchie/desktop/mts_105_team/install/a105_imu/share/a105_imu/environment/ament_prefix_path.sh
-- Installing: /home/w1nchie/desktop/mts_105_team/install/a105_imu/share/a105_imu/environment/ament_prefix_path.dsv
-- Installing: /home/w1nchie/desktop/mts_105_team/install/a105_imu/share/a105_imu/environment/path.sh
-- Installing: /home/w1nchie/desktop/mts_105_team/install/a105_imu/share/a105_imu/environment/path.dsv
-- Installing: /home/w1nchie/desktop/mts_105_team/install/a105_imu/share/a105_imu/local_setup.bash
-- Installing: /home/w1nchie/desktop/mts_105_team/install/a105_imu/share/a105_imu/local_setup.sh
-- Installing: /home/w1nchie/desktop/mts_105_team/install/a105_imu/share/a105_imu/local_setup.zsh
-- Installing: /home/w1nchie/desktop/mts_105_team/install/a105_imu/share/a105_imu/local_setup.dsv
-- Installing: /home/w1nchie/desktop/mts_105_team/install/a105_imu/share/a105_imu/package.dsv
-- Installing: /home/w1nchie/desktop/mts_105_team/install/a105_imu/share/ament_index/resource_index/packages/a105_imu
-- Installing: /home/w1nchie/desktop/mts_105_team/install/a105_imu/share/a105_imu/cmake/a105_imuConfig.cmake
-- Installing: /home/w1nchie/desktop/mts_105_team/install/a105_imu/share/a105_imu/cmake/a105_imuConfig-version.cmake
-- Installing: /home/w1nchie/desktop/mts_105_team/install/a105_imu/share/a105_imu/package.xml
