[0.007s] Invoking command in '/home/w1nchie/desktop/mts_105_team/build/a105_imu': CMAKE_PREFIX_PATH=/opt/ros/humble /usr/bin/cmake /home/w1nchie/desktop/mts_105_team/a105_imu -DCMAKE_INSTALL_PREFIX=/home/w1nchie/desktop/mts_105_team/install/a105_imu
[0.017s] -- Found ament_cmake: 1.3.12 (/opt/ros/humble/share/ament_cmake/cmake)
[0.101s] -- Found rclcpp: 16.0.15 (/opt/ros/humble/share/rclcpp/cmake)
[0.119s] -- Found rosidl_generator_c: 3.1.7 (/opt/ros/humble/share/rosidl_generator_c/cmake)
[0.121s] -- Found rosidl_adapter: 3.1.7 (/opt/ros/humble/share/rosidl_adapter/cmake)
[0.125s] -- Found rosidl_generator_cpp: 3.1.7 (/opt/ros/humble/share/rosidl_generator_cpp/cmake)
[0.131s] -- Using all available rosidl_typesupport_c: rosidl_typesupport_fastrtps_c;rosidl_typesupport_introspection_c
[0.138s] -- Using all available rosidl_typesupport_cpp: rosidl_typesupport_fastrtps_cpp;rosidl_typesupport_introspection_cpp
[0.159s] -- Found rmw_implementation_cmake: 6.1.2 (/opt/ros/humble/share/rmw_implementation_cmake/cmake)
[0.160s] -- Found rmw_fastrtps_cpp: 6.2.9 (/opt/ros/humble/share/rmw_fastrtps_cpp/cmake)
[0.225s] -- Using RMW implementation 'rmw_fastrtps_cpp' as default
[0.257s] -- Found sensor_msgs: 4.9.0 (/opt/ros/humble/share/sensor_msgs/cmake)
[0.275s] -- Found ament_lint_auto: 0.12.14 (/opt/ros/humble/share/ament_lint_auto/cmake)
[0.334s] -- Added test 'cppcheck' to perform static code analysis on C / C++ code
[0.334s] -- Configured cppcheck include dirs: 
[0.334s] -- Configured cppcheck exclude dirs and/or files: 
[0.334s] -- Added test 'flake8' to check Python code syntax and style conventions
[0.334s] -- Added test 'lint_cmake' to check CMake code style
[0.335s] -- Added test 'pep257' to check Python code against some of the docstring style conventions in PEP 257
[0.335s] -- Added test 'uncrustify' to check C / C++ code style
[0.335s] -- Configured uncrustify additional arguments: 
[0.335s] -- Added test 'xmllint' to check XML markup files
[0.336s] -- Configuring done
[0.342s] -- Generating done
[0.344s] -- Build files have been written to: /home/w1nchie/desktop/mts_105_team/build/a105_imu
[0.349s] Invoked command in '/home/w1nchie/desktop/mts_105_team/build/a105_imu' returned '0': CMAKE_PREFIX_PATH=/opt/ros/humble /usr/bin/cmake /home/w1nchie/desktop/mts_105_team/a105_imu -DCMAKE_INSTALL_PREFIX=/home/w1nchie/desktop/mts_105_team/install/a105_imu
[0.350s] Invoking command in '/home/w1nchie/desktop/mts_105_team/build/a105_imu': CMAKE_PREFIX_PATH=/opt/ros/humble /usr/bin/cmake --build /home/w1nchie/desktop/mts_105_team/build/a105_imu -- -j16 -l16
[0.410s] [ 50%] [32mBuilding CXX object CMakeFiles/imu_node.dir/src/imu_node.cpp.o[0m
[3.170s] [100%] [32m[1mLinking CXX executable imu_node[0m
[3.323s] [100%] Built target imu_node
[3.332s] Invoked command in '/home/w1nchie/desktop/mts_105_team/build/a105_imu' returned '0': CMAKE_PREFIX_PATH=/opt/ros/humble /usr/bin/cmake --build /home/w1nchie/desktop/mts_105_team/build/a105_imu -- -j16 -l16
[3.342s] Invoking command in '/home/w1nchie/desktop/mts_105_team/build/a105_imu': CMAKE_PREFIX_PATH=/opt/ros/humble /usr/bin/cmake --install /home/w1nchie/desktop/mts_105_team/build/a105_imu
[3.347s] -- Install configuration: ""
[3.347s] -- Installing: /home/w1nchie/desktop/mts_105_team/install/a105_imu/lib/a105_imu/imu_node
[3.348s] -- Set runtime path of "/home/w1nchie/desktop/mts_105_team/install/a105_imu/lib/a105_imu/imu_node" to ""
[3.348s] -- Installing: /home/w1nchie/desktop/mts_105_team/install/a105_imu/share/a105_imu/launch
[3.348s] -- Installing: /home/w1nchie/desktop/mts_105_team/install/a105_imu/share/a105_imu/launch/imu.launch.py
[3.348s] -- Installing: /home/w1nchie/desktop/mts_105_team/install/a105_imu/share/a105_imu/config
[3.348s] -- Installing: /home/w1nchie/desktop/mts_105_team/install/a105_imu/share/a105_imu/config/imu.yaml
[3.348s] -- Installing: /home/w1nchie/desktop/mts_105_team/install/a105_imu/share/ament_index/resource_index/package_run_dependencies/a105_imu
[3.348s] -- Installing: /home/w1nchie/desktop/mts_105_team/install/a105_imu/share/ament_index/resource_index/parent_prefix_path/a105_imu
[3.348s] -- Installing: /home/w1nchie/desktop/mts_105_team/install/a105_imu/share/a105_imu/environment/ament_prefix_path.sh
[3.348s] -- Installing: /home/w1nchie/desktop/mts_105_team/install/a105_imu/share/a105_imu/environment/ament_prefix_path.dsv
[3.348s] -- Installing: /home/w1nchie/desktop/mts_105_team/install/a105_imu/share/a105_imu/environment/path.sh
[3.348s] -- Installing: /home/w1nchie/desktop/mts_105_team/install/a105_imu/share/a105_imu/environment/path.dsv
[3.348s] -- Installing: /home/w1nchie/desktop/mts_105_team/install/a105_imu/share/a105_imu/local_setup.bash
[3.348s] -- Installing: /home/w1nchie/desktop/mts_105_team/install/a105_imu/share/a105_imu/local_setup.sh
[3.349s] -- Installing: /home/w1nchie/desktop/mts_105_team/install/a105_imu/share/a105_imu/local_setup.zsh
[3.349s] -- Installing: /home/w1nchie/desktop/mts_105_team/install/a105_imu/share/a105_imu/local_setup.dsv
[3.349s] -- Installing: /home/w1nchie/desktop/mts_105_team/install/a105_imu/share/a105_imu/package.dsv
[3.349s] -- Installing: /home/w1nchie/desktop/mts_105_team/install/a105_imu/share/ament_index/resource_index/packages/a105_imu
[3.349s] -- Installing: /home/w1nchie/desktop/mts_105_team/install/a105_imu/share/a105_imu/cmake/a105_imuConfig.cmake
[3.349s] -- Installing: /home/w1nchie/desktop/mts_105_team/install/a105_imu/share/a105_imu/cmake/a105_imuConfig-version.cmake
[3.349s] -- Installing: /home/w1nchie/desktop/mts_105_team/install/a105_imu/share/a105_imu/package.xml
[3.350s] Invoked command in '/home/w1nchie/desktop/mts_105_team/build/a105_imu' returned '0': CMAKE_PREFIX_PATH=/opt/ros/humble /usr/bin/cmake --install /home/w1nchie/desktop/mts_105_team/build/a105_imu
