-- The C compiler identification is GNU 11.4.0
-- The CXX compiler identification is GNU 11.4.0
-- Detecting C compiler ABI info
-- Detecting C compiler ABI info - done
-- Check for working C compiler: /usr/bin/cc - skipped
-- Detecting C compile features
-- Detecting C compile features - done
-- Detecting CXX compiler ABI info
-- Detecting CXX compiler ABI info - done
-- Check for working CXX compiler: /usr/bin/c++ - skipped
-- Detecting CXX compile features
-- Detecting CXX compile features - done
-- Found ament_cmake: 1.3.12 (/opt/ros/humble/share/ament_cmake/cmake)
-- Found Python3: /usr/bin/python3 (found version "3.10.12") found components: Interpreter 
-- Found rclcpp: 16.0.15 (/opt/ros/humble/share/rclcpp/cmake)
-- Found rosidl_generator_c: 3.1.7 (/opt/ros/humble/share/rosidl_generator_c/cmake)
-- Found rosidl_adapter: 3.1.7 (/opt/ros/humble/share/rosidl_adapter/cmake)
-- Found rosidl_generator_cpp: 3.1.7 (/opt/ros/humble/share/rosidl_generator_cpp/cmake)
-- Using all available rosidl_typesupport_c: rosidl_typesupport_fastrtps_c;rosidl_typesupport_introspection_c
-- Using all available rosidl_typesupport_cpp: rosidl_typesupport_fastrtps_cpp;rosidl_typesupport_introspection_cpp
-- Found rmw_implementation_cmake: 6.1.2 (/opt/ros/humble/share/rmw_implementation_cmake/cmake)
-- Found rmw_fastrtps_cpp: 6.2.8 (/opt/ros/humble/share/rmw_fastrtps_cpp/cmake)
-- Found OpenSSL: /usr/lib/x86_64-linux-gnu/libcrypto.so (found version "3.0.2")  
-- Found FastRTPS: /opt/ros/humble/include  
-- Using RMW implementation 'rmw_fastrtps_cpp' as default
-- Looking for pthread.h
-- Looking for pthread.h - found
-- Performing Test CMAKE_HAVE_LIBC_PTHREAD
-- Performing Test CMAKE_HAVE_LIBC_PTHREAD - Success
-- Found Threads: TRUE  
-- Found geometry_msgs: 4.9.0 (/opt/ros/humble/share/geometry_msgs/cmake)
-- Configuring done
-- Generating done
-- Build files have been written to: /home/mobile/ros2_ws/src/build/a105_controller
[ 50%] [32mBuilding CXX object CMakeFiles/sender.dir/src/sender.cpp.o[0m
[100%] [32m[1mLinking CXX executable sender[0m
[100%] Built target sender
-- Install configuration: ""
-- Installing: /home/mobile/ros2_ws/src/install/a105_controller/lib/a105_controller/sender
-- Set runtime path of "/home/mobile/ros2_ws/src/install/a105_controller/lib/a105_controller/sender" to ""
-- Installing: /home/mobile/ros2_ws/src/install/a105_controller/share/a105_controller//launch
-- Installing: /home/mobile/ros2_ws/src/install/a105_controller/share/a105_controller//launch/controller_105.launch.py
-- Installing: /home/mobile/ros2_ws/src/install/a105_controller/share/ament_index/resource_index/package_run_dependencies/a105_controller
-- Installing: /home/mobile/ros2_ws/src/install/a105_controller/share/ament_index/resource_index/parent_prefix_path/a105_controller
-- Installing: /home/mobile/ros2_ws/src/install/a105_controller/share/a105_controller/environment/ament_prefix_path.sh
-- Installing: /home/mobile/ros2_ws/src/install/a105_controller/share/a105_controller/environment/ament_prefix_path.dsv
-- Installing: /home/mobile/ros2_ws/src/install/a105_controller/share/a105_controller/environment/path.sh
-- Installing: /home/mobile/ros2_ws/src/install/a105_controller/share/a105_controller/environment/path.dsv
-- Installing: /home/mobile/ros2_ws/src/install/a105_controller/share/a105_controller/local_setup.bash
-- Installing: /home/mobile/ros2_ws/src/install/a105_controller/share/a105_controller/local_setup.sh
-- Installing: /home/mobile/ros2_ws/src/install/a105_controller/share/a105_controller/local_setup.zsh
-- Installing: /home/mobile/ros2_ws/src/install/a105_controller/share/a105_controller/local_setup.dsv
-- Installing: /home/mobile/ros2_ws/src/install/a105_controller/share/a105_controller/package.dsv
-- Installing: /home/mobile/ros2_ws/src/install/a105_controller/share/ament_index/resource_index/packages/a105_controller
-- Installing: /home/mobile/ros2_ws/src/install/a105_controller/share/a105_controller/cmake/a105_controllerConfig.cmake
-- Installing: /home/mobile/ros2_ws/src/install/a105_controller/share/a105_controller/cmake/a105_controllerConfig-version.cmake
-- Installing: /home/mobile/ros2_ws/src/install/a105_controller/share/a105_controller/package.xml
