[0.027s] Invoking command in '/home/mobile/ros2_ws/src/build/a105_controller': CMAKE_PREFIX_PATH=${CMAKE_PREFIX_PATH}:/opt/ros/humble /usr/bin/cmake /home/mobile/ros2_ws/src/a105_controller -DCMAKE_INSTALL_PREFIX=/home/mobile/ros2_ws/src/install/a105_controller
[0.067s] -- The C compiler identification is GNU 11.4.0
[0.109s] -- The CXX compiler identification is GNU 11.4.0
[0.117s] -- Detecting C compiler ABI info
[0.166s] -- Detecting C compiler ABI info - done
[0.170s] -- Check for working C compiler: /usr/bin/cc - skipped
[0.171s] -- Detecting C compile features
[0.171s] -- Detecting C compile features - done
[0.173s] -- Detecting CXX compiler ABI info
[0.235s] -- Detecting CXX compiler ABI info - done
[0.243s] -- Check for working CXX compiler: /usr/bin/c++ - skipped
[0.243s] -- Detecting CXX compile features
[0.244s] -- Detecting CXX compile features - done
[0.248s] -- Found ament_cmake: 1.3.12 (/opt/ros/humble/share/ament_cmake/cmake)
[0.369s] -- Found Python3: /usr/bin/python3 (found version "3.10.12") found components: Interpreter 
[0.457s] -- Found rclcpp: 16.0.15 (/opt/ros/humble/share/rclcpp/cmake)
[0.527s] -- Found rosidl_generator_c: 3.1.7 (/opt/ros/humble/share/rosidl_generator_c/cmake)
[0.537s] -- Found rosidl_adapter: 3.1.7 (/opt/ros/humble/share/rosidl_adapter/cmake)
[0.545s] -- Found rosidl_generator_cpp: 3.1.7 (/opt/ros/humble/share/rosidl_generator_cpp/cmake)
[0.559s] -- Using all available rosidl_typesupport_c: rosidl_typesupport_fastrtps_c;rosidl_typesupport_introspection_c
[0.581s] -- Using all available rosidl_typesupport_cpp: rosidl_typesupport_fastrtps_cpp;rosidl_typesupport_introspection_cpp
[0.630s] -- Found rmw_implementation_cmake: 6.1.2 (/opt/ros/humble/share/rmw_implementation_cmake/cmake)
[0.632s] -- Found rmw_fastrtps_cpp: 6.2.8 (/opt/ros/humble/share/rmw_fastrtps_cpp/cmake)
[0.699s] -- Found OpenSSL: /usr/lib/x86_64-linux-gnu/libcrypto.so (found version "3.0.2")  
[0.723s] -- Found FastRTPS: /opt/ros/humble/include  
[0.770s] -- Using RMW implementation 'rmw_fastrtps_cpp' as default
[0.784s] -- Looking for pthread.h
[0.833s] -- Looking for pthread.h - found
[0.833s] -- Performing Test CMAKE_HAVE_LIBC_PTHREAD
[0.882s] -- Performing Test CMAKE_HAVE_LIBC_PTHREAD - Success
[0.883s] -- Found Threads: TRUE  
[0.953s] -- Found geometry_msgs: 4.9.0 (/opt/ros/humble/share/geometry_msgs/cmake)
[1.014s] -- Configuring done
[1.019s] -- Generating done
[1.022s] -- Build files have been written to: /home/mobile/ros2_ws/src/build/a105_controller
[1.027s] Invoked command in '/home/mobile/ros2_ws/src/build/a105_controller' returned '0': CMAKE_PREFIX_PATH=${CMAKE_PREFIX_PATH}:/opt/ros/humble /usr/bin/cmake /home/mobile/ros2_ws/src/a105_controller -DCMAKE_INSTALL_PREFIX=/home/mobile/ros2_ws/src/install/a105_controller
[1.028s] Invoking command in '/home/mobile/ros2_ws/src/build/a105_controller': CMAKE_PREFIX_PATH=${CMAKE_PREFIX_PATH}:/opt/ros/humble /usr/bin/cmake --build /home/mobile/ros2_ws/src/build/a105_controller -- -j16 -l16
[1.068s] [ 50%] [32mBuilding CXX object CMakeFiles/sender.dir/src/sender.cpp.o[0m
[8.688s] [100%] [32m[1mLinking CXX executable sender[0m
[9.052s] [100%] Built target sender
[9.064s] Invoked command in '/home/mobile/ros2_ws/src/build/a105_controller' returned '0': CMAKE_PREFIX_PATH=${CMAKE_PREFIX_PATH}:/opt/ros/humble /usr/bin/cmake --build /home/mobile/ros2_ws/src/build/a105_controller -- -j16 -l16
[9.066s] Invoking command in '/home/mobile/ros2_ws/src/build/a105_controller': CMAKE_PREFIX_PATH=${CMAKE_PREFIX_PATH}:/opt/ros/humble /usr/bin/cmake --install /home/mobile/ros2_ws/src/build/a105_controller
[9.073s] -- Install configuration: ""
[9.073s] -- Installing: /home/mobile/ros2_ws/src/install/a105_controller/lib/a105_controller/sender
[9.076s] -- Set runtime path of "/home/mobile/ros2_ws/src/install/a105_controller/lib/a105_controller/sender" to ""
[9.076s] -- Installing: /home/mobile/ros2_ws/src/install/a105_controller/share/a105_controller//launch
[9.076s] -- Installing: /home/mobile/ros2_ws/src/install/a105_controller/share/a105_controller//launch/controller_105.launch.py
[9.076s] -- Installing: /home/mobile/ros2_ws/src/install/a105_controller/share/ament_index/resource_index/package_run_dependencies/a105_controller
[9.076s] -- Installing: /home/mobile/ros2_ws/src/install/a105_controller/share/ament_index/resource_index/parent_prefix_path/a105_controller
[9.076s] -- Installing: /home/mobile/ros2_ws/src/install/a105_controller/share/a105_controller/environment/ament_prefix_path.sh
[9.077s] -- Installing: /home/mobile/ros2_ws/src/install/a105_controller/share/a105_controller/environment/ament_prefix_path.dsv
[9.077s] -- Installing: /home/mobile/ros2_ws/src/install/a105_controller/share/a105_controller/environment/path.sh
[9.077s] -- Installing: /home/mobile/ros2_ws/src/install/a105_controller/share/a105_controller/environment/path.dsv
[9.077s] -- Installing: /home/mobile/ros2_ws/src/install/a105_controller/share/a105_controller/local_setup.bash
[9.077s] -- Installing: /home/mobile/ros2_ws/src/install/a105_controller/share/a105_controller/local_setup.sh
[9.077s] -- Installing: /home/mobile/ros2_ws/src/install/a105_controller/share/a105_controller/local_setup.zsh
[9.077s] -- Installing: /home/mobile/ros2_ws/src/install/a105_controller/share/a105_controller/local_setup.dsv
[9.077s] -- Installing: /home/mobile/ros2_ws/src/install/a105_controller/share/a105_controller/package.dsv
[9.078s] -- Installing: /home/mobile/ros2_ws/src/install/a105_controller/share/ament_index/resource_index/packages/a105_controller
[9.078s] -- Installing: /home/mobile/ros2_ws/src/install/a105_controller/share/a105_controller/cmake/a105_controllerConfig.cmake
[9.078s] -- Installing: /home/mobile/ros2_ws/src/install/a105_controller/share/a105_controller/cmake/a105_controllerConfig-version.cmake
[9.078s] -- Installing: /home/mobile/ros2_ws/src/install/a105_controller/share/a105_controller/package.xml
[9.080s] Invoked command in '/home/mobile/ros2_ws/src/build/a105_controller' returned '0': CMAKE_PREFIX_PATH=${CMAKE_PREFIX_PATH}:/opt/ros/humble /usr/bin/cmake --install /home/mobile/ros2_ws/src/build/a105_controller
