[0.028s] Invoking command in '/home/mobile/ros2_ws/src/build/a105_bringup': CMAKE_PREFIX_PATH=${CMAKE_PREFIX_PATH}:/opt/ros/humble /usr/bin/cmake /home/mobile/ros2_ws/src/a105_bringup -DCMAKE_INSTALL_PREFIX=/home/mobile/ros2_ws/src/install/a105_bringup
[0.075s] -- The C compiler identification is GNU 11.4.0
[0.123s] -- The CXX compiler identification is GNU 11.4.0
[0.130s] -- Detecting C compiler ABI info
[0.190s] -- Detecting C compiler ABI info - done
[0.198s] -- Check for working C compiler: /usr/bin/cc - skipped
[0.198s] -- Detecting C compile features
[0.199s] -- Detecting C compile features - done
[0.202s] -- Detecting CXX compiler ABI info
[0.268s] -- Detecting CXX compiler ABI info - done
[0.277s] -- Check for working CXX compiler: /usr/bin/c++ - skipped
[0.277s] -- Detecting CXX compile features
[0.277s] -- Detecting CXX compile features - done
[0.282s] -- Found ament_cmake: 1.3.12 (/opt/ros/humble/share/ament_cmake/cmake)
[0.405s] -- Found Python3: /usr/bin/python3 (found version "3.10.12") found components: Interpreter 
[0.502s] -- Found rclcpp: 16.0.15 (/opt/ros/humble/share/rclcpp/cmake)
[0.561s] -- Found rosidl_generator_c: 3.1.7 (/opt/ros/humble/share/rosidl_generator_c/cmake)
[0.570s] -- Found rosidl_adapter: 3.1.7 (/opt/ros/humble/share/rosidl_adapter/cmake)
[0.580s] -- Found rosidl_generator_cpp: 3.1.7 (/opt/ros/humble/share/rosidl_generator_cpp/cmake)
[0.592s] -- Using all available rosidl_typesupport_c: rosidl_typesupport_fastrtps_c;rosidl_typesupport_introspection_c
[0.614s] -- Using all available rosidl_typesupport_cpp: rosidl_typesupport_fastrtps_cpp;rosidl_typesupport_introspection_cpp
[0.669s] -- Found rmw_implementation_cmake: 6.1.2 (/opt/ros/humble/share/rmw_implementation_cmake/cmake)
[0.674s] -- Found rmw_fastrtps_cpp: 6.2.8 (/opt/ros/humble/share/rmw_fastrtps_cpp/cmake)
[0.765s] -- Found OpenSSL: /usr/lib/x86_64-linux-gnu/libcrypto.so (found version "3.0.2")  
[0.794s] -- Found FastRTPS: /opt/ros/humble/include  
[0.839s] -- Using RMW implementation 'rmw_fastrtps_cpp' as default
[0.847s] -- Looking for pthread.h
[0.897s] -- Looking for pthread.h - found
[0.897s] -- Performing Test CMAKE_HAVE_LIBC_PTHREAD
[0.960s] -- Performing Test CMAKE_HAVE_LIBC_PTHREAD - Success
[0.961s] -- Found Threads: TRUE  
[0.998s] -- Found nav2_bringup: 1.1.18 (/opt/ros/humble/share/nav2_bringup/cmake)
[1.000s] -- Found ament_lint_auto: 0.12.14 (/opt/ros/humble/share/ament_lint_auto/cmake)
[1.063s] -- Added test 'flake8' to check Python code syntax and style conventions
[1.063s] -- Added test 'lint_cmake' to check CMake code style
[1.064s] -- Added test 'pep257' to check Python code against some of the docstring style conventions in PEP 257
[1.064s] -- Added test 'xmllint' to check XML markup files
[1.065s] -- Configuring done
[1.068s] -- Generating done
[1.069s] -- Build files have been written to: /home/mobile/ros2_ws/src/build/a105_bringup
[1.075s] Invoked command in '/home/mobile/ros2_ws/src/build/a105_bringup' returned '0': CMAKE_PREFIX_PATH=${CMAKE_PREFIX_PATH}:/opt/ros/humble /usr/bin/cmake /home/mobile/ros2_ws/src/a105_bringup -DCMAKE_INSTALL_PREFIX=/home/mobile/ros2_ws/src/install/a105_bringup
[1.076s] Invoking command in '/home/mobile/ros2_ws/src/build/a105_bringup': CMAKE_PREFIX_PATH=${CMAKE_PREFIX_PATH}:/opt/ros/humble /usr/bin/cmake --build /home/mobile/ros2_ws/src/build/a105_bringup -- -j16 -l16
[1.141s] Invoked command in '/home/mobile/ros2_ws/src/build/a105_bringup' returned '0': CMAKE_PREFIX_PATH=${CMAKE_PREFIX_PATH}:/opt/ros/humble /usr/bin/cmake --build /home/mobile/ros2_ws/src/build/a105_bringup -- -j16 -l16
[1.149s] Invoking command in '/home/mobile/ros2_ws/src/build/a105_bringup': CMAKE_PREFIX_PATH=${CMAKE_PREFIX_PATH}:/opt/ros/humble /usr/bin/cmake --install /home/mobile/ros2_ws/src/build/a105_bringup
[1.156s] -- Install configuration: ""
[1.156s] -- Installing: /home/mobile/ros2_ws/src/install/a105_bringup/share/a105_bringup//launch
[1.157s] -- Installing: /home/mobile/ros2_ws/src/install/a105_bringup/share/a105_bringup//launch/simca.launch.py
[1.160s] -- Installing: /home/mobile/ros2_ws/src/install/a105_bringup/share/a105_bringup//launch/tf.launch.py
[1.160s] -- Installing: /home/mobile/ros2_ws/src/install/a105_bringup/share/a105_bringup//rviz
[1.161s] -- Installing: /home/mobile/ros2_ws/src/install/a105_bringup/share/a105_bringup//rviz/simca.rviz
[1.161s] -- Installing: /home/mobile/ros2_ws/src/install/a105_bringup/share/a105_bringup//config
[1.161s] -- Installing: /home/mobile/ros2_ws/src/install/a105_bringup/share/a105_bringup//config/amcl.yaml
[1.161s] -- Installing: /home/mobile/ros2_ws/src/install/a105_bringup/share/ament_index/resource_index/package_run_dependencies/a105_bringup
[1.161s] -- Installing: /home/mobile/ros2_ws/src/install/a105_bringup/share/ament_index/resource_index/parent_prefix_path/a105_bringup
[1.161s] -- Installing: /home/mobile/ros2_ws/src/install/a105_bringup/share/a105_bringup/environment/ament_prefix_path.sh
[1.161s] -- Installing: /home/mobile/ros2_ws/src/install/a105_bringup/share/a105_bringup/environment/ament_prefix_path.dsv
[1.161s] -- Installing: /home/mobile/ros2_ws/src/install/a105_bringup/share/a105_bringup/environment/path.sh
[1.161s] -- Installing: /home/mobile/ros2_ws/src/install/a105_bringup/share/a105_bringup/environment/path.dsv
[1.161s] -- Installing: /home/mobile/ros2_ws/src/install/a105_bringup/share/a105_bringup/local_setup.bash
[1.162s] -- Installing: /home/mobile/ros2_ws/src/install/a105_bringup/share/a105_bringup/local_setup.sh
[1.162s] -- Installing: /home/mobile/ros2_ws/src/install/a105_bringup/share/a105_bringup/local_setup.zsh
[1.162s] -- Installing: /home/mobile/ros2_ws/src/install/a105_bringup/share/a105_bringup/local_setup.dsv
[1.162s] -- Installing: /home/mobile/ros2_ws/src/install/a105_bringup/share/a105_bringup/package.dsv
[1.162s] -- Installing: /home/mobile/ros2_ws/src/install/a105_bringup/share/ament_index/resource_index/packages/a105_bringup
[1.162s] -- Installing: /home/mobile/ros2_ws/src/install/a105_bringup/share/a105_bringup/cmake/a105_bringupConfig.cmake
[1.162s] -- Installing: /home/mobile/ros2_ws/src/install/a105_bringup/share/a105_bringup/cmake/a105_bringupConfig-version.cmake
[1.162s] -- Installing: /home/mobile/ros2_ws/src/install/a105_bringup/share/a105_bringup/package.xml
[1.167s] Invoked command in '/home/mobile/ros2_ws/src/build/a105_bringup' returned '0': CMAKE_PREFIX_PATH=${CMAKE_PREFIX_PATH}:/opt/ros/humble /usr/bin/cmake --install /home/mobile/ros2_ws/src/build/a105_bringup
