-- Install configuration: ""
-- Up-to-date: /home/mobile/ros2_ws/src/install/a105_bringup/share/a105_bringup//launch
-- Up-to-date: /home/mobile/ros2_ws/src/install/a105_bringup/share/a105_bringup//launch/simca.launch.py
-- Up-to-date: /home/mobile/ros2_ws/src/install/a105_bringup/share/a105_bringup//launch/tf.launch.py
-- Up-to-date: /home/mobile/ros2_ws/src/install/a105_bringup/share/a105_bringup//rviz
-- Up-to-date: /home/mobile/ros2_ws/src/install/a105_bringup/share/a105_bringup//rviz/simca.rviz
-- Up-to-date: /home/mobile/ros2_ws/src/install/a105_bringup/share/a105_bringup//config
-- Up-to-date: /home/mobile/ros2_ws/src/install/a105_bringup/share/a105_bringup//config/amcl.yaml
-- Up-to-date: /home/mobile/ros2_ws/src/install/a105_bringup/share/ament_index/resource_index/package_run_dependencies/a105_bringup
-- Up-to-date: /home/mobile/ros2_ws/src/install/a105_bringup/share/ament_index/resource_index/parent_prefix_path/a105_bringup
-- Up-to-date: /home/mobile/ros2_ws/src/install/a105_bringup/share/a105_bringup/environment/ament_prefix_path.sh
-- Up-to-date: /home/mobile/ros2_ws/src/install/a105_bringup/share/a105_bringup/environment/ament_prefix_path.dsv
-- Up-to-date: /home/mobile/ros2_ws/src/install/a105_bringup/share/a105_bringup/environment/path.sh
-- Up-to-date: /home/mobile/ros2_ws/src/install/a105_bringup/share/a105_bringup/environment/path.dsv
-- Up-to-date: /home/mobile/ros2_ws/src/install/a105_bringup/share/a105_bringup/local_setup.bash
-- Up-to-date: /home/mobile/ros2_ws/src/install/a105_bringup/share/a105_bringup/local_setup.sh
-- Up-to-date: /home/mobile/ros2_ws/src/install/a105_bringup/share/a105_bringup/local_setup.zsh
-- Up-to-date: /home/mobile/ros2_ws/src/install/a105_bringup/share/a105_bringup/local_setup.dsv
-- Up-to-date: /home/mobile/ros2_ws/src/install/a105_bringup/share/a105_bringup/package.dsv
-- Up-to-date: /home/mobile/ros2_ws/src/install/a105_bringup/share/ament_index/resource_index/packages/a105_bringup
-- Up-to-date: /home/mobile/ros2_ws/src/install/a105_bringup/share/a105_bringup/cmake/a105_bringupConfig.cmake
-- Up-to-date: /home/mobile/ros2_ws/src/install/a105_bringup/share/a105_bringup/cmake/a105_bringupConfig-version.cmake
-- Up-to-date: /home/mobile/ros2_ws/src/install/a105_bringup/share/a105_bringup/package.xml
