-- The C compiler identification is GNU 11.4.0
-- The CXX compiler identification is GNU 11.4.0
-- Detecting C compiler ABI info
-- Detecting C compiler ABI info - done
-- Check for working C compiler: /usr/bin/cc - skipped
-- Detecting C compile features
-- Detecting C compile features - done
-- Detecting CXX compiler ABI info
-- Detecting CXX compiler ABI info - done
-- Check for working CXX compiler: /usr/bin/c++ - skipped
-- Detecting CXX compile features
-- Detecting CXX compile features - done
-- Found ament_cmake: 1.3.12 (/opt/ros/humble/share/ament_cmake/cmake)
-- Found Python3: /usr/bin/python3 (found version "3.10.12") found components: Interpreter 
-- Found rclcpp: 16.0.15 (/opt/ros/humble/share/rclcpp/cmake)
-- Found rosidl_generator_c: 3.1.7 (/opt/ros/humble/share/rosidl_generator_c/cmake)
-- Found rosidl_adapter: 3.1.7 (/opt/ros/humble/share/rosidl_adapter/cmake)
-- Found rosidl_generator_cpp: 3.1.7 (/opt/ros/humble/share/rosidl_generator_cpp/cmake)
-- Using all available rosidl_typesupport_c: rosidl_typesupport_fastrtps_c;rosidl_typesupport_introspection_c
-- Using all available rosidl_typesupport_cpp: rosidl_typesupport_fastrtps_cpp;rosidl_typesupport_introspection_cpp
-- Found rmw_implementation_cmake: 6.1.2 (/opt/ros/humble/share/rmw_implementation_cmake/cmake)
-- Found rmw_fastrtps_cpp: 6.2.8 (/opt/ros/humble/share/rmw_fastrtps_cpp/cmake)
-- Found OpenSSL: /usr/lib/x86_64-linux-gnu/libcrypto.so (found version "3.0.2")  
-- Found FastRTPS: /opt/ros/humble/include  
-- Using RMW implementation 'rmw_fastrtps_cpp' as default
-- Looking for pthread.h
-- Looking for pthread.h - found
-- Performing Test CMAKE_HAVE_LIBC_PTHREAD
-- Performing Test CMAKE_HAVE_LIBC_PTHREAD - Success
-- Found Threads: TRUE  
-- Found sensor_msgs: 4.9.0 (/opt/ros/humble/share/sensor_msgs/cmake)
-- Found nav_msgs: 4.9.0 (/opt/ros/humble/share/nav_msgs/cmake)
-- Found tf2: 0.25.16 (/opt/ros/humble/share/tf2/cmake)
-- Found tf2_ros: 0.25.16 (/opt/ros/humble/share/tf2_ros/cmake)
-- Found tf2_geometry_msgs: 0.25.16 (/opt/ros/humble/share/tf2_geometry_msgs/cmake)
-- Found eigen3_cmake_module: 0.1.1 (/opt/ros/humble/share/eigen3_cmake_module/cmake)
-- Found Eigen3: TRUE (found version "3.4.0") 
-- Ensuring Eigen3 include directory is part of orocos-kdl CMake target
-- Found ament_lint_auto: 0.12.14 (/opt/ros/humble/share/ament_lint_auto/cmake)
-- Added test 'cppcheck' to perform static code analysis on C / C++ code
-- Configured cppcheck include dirs: 
-- Configured cppcheck exclude dirs and/or files: 
-- Added test 'flake8' to check Python code syntax and style conventions
-- Added test 'lint_cmake' to check CMake code style
-- Added test 'pep257' to check Python code against some of the docstring style conventions in PEP 257
-- Added test 'uncrustify' to check C / C++ code style
-- Configured uncrustify additional arguments: 
-- Added test 'xmllint' to check XML markup files
-- Configuring done
-- Generating done
-- Build files have been written to: /home/mobile/ros2_ws/src/build/segment_grid_localizer
[ 50%] [32mBuilding CXX object CMakeFiles/segment_grid_localizer_node.dir/src/segment_grid_localizer.cpp.o[0m
[01m[K/home/mobile/ros2_ws/src/segment_grid_localizer/src/segment_grid_localizer.cpp:98:12:[m[K [01;31m[Kerror: [m[K‘[01m[KBuffer[m[K’ in namespace ‘[01m[Ktf2_ros[m[K’ does not name a type
   98 |   tf2_ros::[01;31m[KBuffer[m[K tf_buffer_;
      |            [01;31m[K^~~~~~[m[K
[01m[K/home/mobile/ros2_ws/src/segment_grid_localizer/src/segment_grid_localizer.cpp:[m[K In constructor ‘[01m[KSegmentGridLocalizer::SegmentGridLocalizer()[m[K’:
[01m[K/home/mobile/ros2_ws/src/segment_grid_localizer/src/segment_grid_localizer.cpp:38:5:[m[K [01;31m[Kerror: [m[Kclass ‘[01m[KSegmentGridLocalizer[m[K’ does not have any field named ‘[01m[Ktf_buffer_[m[K’
   38 |     [01;31m[Ktf_buffer_[m[K(this->get_clock()),
      |     [01;31m[K^~~~~~~~~~[m[K
[01m[K/home/mobile/ros2_ws/src/segment_grid_localizer/src/segment_grid_localizer.cpp:39:18:[m[K [01;31m[Kerror: [m[K‘[01m[Ktf_buffer_[m[K’ was not declared in this scope
   39 |     tf_listener_([01;31m[Ktf_buffer_[m[K),
      |                  [01;31m[K^~~~~~~~~~[m[K
[01m[K/home/mobile/ros2_ws/src/segment_grid_localizer/src/segment_grid_localizer.cpp:[m[K In member function ‘[01m[Kbool SegmentGridLocalizer::ensureLidarTF(const LaserScan&)[m[K’:
[01m[K/home/mobile/ros2_ws/src/segment_grid_localizer/src/segment_grid_localizer.cpp:195:16:[m[K [01;31m[Kerror: [m[K‘[01m[Ktf_buffer_[m[K’ was not declared in this scope
  195 |       auto T = [01;31m[Ktf_buffer_[m[K.lookupTransform(frame_base_, scan.header.frame_id, scan.header.stamp, rclcpp::Duration::from_seconds(0.1));
      |                [01;31m[K^~~~~~~~~~[m[K
[01m[K/home/mobile/ros2_ws/src/segment_grid_localizer/src/segment_grid_localizer.cpp:[m[K In member function ‘[01m[Kdouble SegmentGridLocalizer::scorePose(const Pose2&, const std::vector<std::pair<double, double> >&) const[m[K’:
[01m[K/home/mobile/ros2_ws/src/segment_grid_localizer/src/segment_grid_localizer.cpp:232:37:[m[K [01;35m[Kwarning: [m[Kunused variable ‘[01m[KH[m[K’ [[01;35m[K-Wunused-variable[m[K]
  232 |     const int W = map_->info.width, [01;35m[KH[m[K = map_->info.height;
      |                                     [01;35m[K^[m[K
gmake[2]: *** [CMakeFiles/segment_grid_localizer_node.dir/build.make:76: CMakeFiles/segment_grid_localizer_node.dir/src/segment_grid_localizer.cpp.o] Error 1
gmake[1]: *** [CMakeFiles/Makefile2:137: CMakeFiles/segment_grid_localizer_node.dir/all] Error 2
gmake: *** [Makefile:146: all] Error 2
