[0.028s] Invoking command in '/home/mobile/ros2_ws/src/build/a105_custom_slam': CMAKE_PREFIX_PATH=${CMAKE_PREFIX_PATH}:/opt/ros/humble /usr/bin/cmake --build /home/mobile/ros2_ws/src/build/a105_custom_slam -- -j16 -l16
[0.056s] [35m[1mConsolidate compiler generated dependencies of target ekf_navigator[0m
[0.060s] [35m[1mConsolidate compiler generated dependencies of target segment_grid_mapper[0m
[0.071s] [ 50%] Built target ekf_navigator
[0.077s] [100%] Built target segment_grid_mapper
[0.104s] Invoked command in '/home/mobile/ros2_ws/src/build/a105_custom_slam' returned '0': CMAKE_PREFIX_PATH=${CMAKE_PREFIX_PATH}:/opt/ros/humble /usr/bin/cmake --build /home/mobile/ros2_ws/src/build/a105_custom_slam -- -j16 -l16
[0.105s] Invoking command in '/home/mobile/ros2_ws/src/build/a105_custom_slam': CMAKE_PREFIX_PATH=${CMAKE_PREFIX_PATH}:/opt/ros/humble /usr/bin/cmake --install /home/mobile/ros2_ws/src/build/a105_custom_slam
[0.118s] -- Install configuration: ""
[0.118s] -- Installing: /home/mobile/ros2_ws/src/install/a105_custom_slam/lib/a105_custom_slam/segment_grid_mapper
[0.123s] -- Set runtime path of "/home/mobile/ros2_ws/src/install/a105_custom_slam/lib/a105_custom_slam/segment_grid_mapper" to ""
[0.123s] -- Installing: /home/mobile/ros2_ws/src/install/a105_custom_slam/lib/a105_custom_slam/ekf_navigator
[0.124s] -- Set runtime path of "/home/mobile/ros2_ws/src/install/a105_custom_slam/lib/a105_custom_slam/ekf_navigator" to ""
[0.124s] -- Installing: /home/mobile/ros2_ws/src/install/a105_custom_slam/share/a105_custom_slam/config
[0.124s] -- Installing: /home/mobile/ros2_ws/src/install/a105_custom_slam/share/a105_custom_slam/config/segment_grid_mapper.yaml
[0.125s] -- Installing: /home/mobile/ros2_ws/src/install/a105_custom_slam/share/ament_index/resource_index/package_run_dependencies/a105_custom_slam
[0.125s] -- Installing: /home/mobile/ros2_ws/src/install/a105_custom_slam/share/ament_index/resource_index/parent_prefix_path/a105_custom_slam
[0.125s] -- Installing: /home/mobile/ros2_ws/src/install/a105_custom_slam/share/a105_custom_slam/environment/ament_prefix_path.sh
[0.125s] -- Installing: /home/mobile/ros2_ws/src/install/a105_custom_slam/share/a105_custom_slam/environment/ament_prefix_path.dsv
[0.125s] -- Installing: /home/mobile/ros2_ws/src/install/a105_custom_slam/share/a105_custom_slam/environment/path.sh
[0.126s] -- Installing: /home/mobile/ros2_ws/src/install/a105_custom_slam/share/a105_custom_slam/environment/path.dsv
[0.126s] -- Installing: /home/mobile/ros2_ws/src/install/a105_custom_slam/share/a105_custom_slam/local_setup.bash
[0.126s] -- Installing: /home/mobile/ros2_ws/src/install/a105_custom_slam/share/a105_custom_slam/local_setup.sh
[0.126s] -- Installing: /home/mobile/ros2_ws/src/install/a105_custom_slam/share/a105_custom_slam/local_setup.zsh
[0.126s] -- Installing: /home/mobile/ros2_ws/src/install/a105_custom_slam/share/a105_custom_slam/local_setup.dsv
[0.126s] -- Installing: /home/mobile/ros2_ws/src/install/a105_custom_slam/share/a105_custom_slam/package.dsv
[0.126s] -- Installing: /home/mobile/ros2_ws/src/install/a105_custom_slam/share/ament_index/resource_index/packages/a105_custom_slam
[0.126s] -- Installing: /home/mobile/ros2_ws/src/install/a105_custom_slam/share/a105_custom_slam/cmake/a105_custom_slamConfig.cmake
[0.126s] -- Installing: /home/mobile/ros2_ws/src/install/a105_custom_slam/share/a105_custom_slam/cmake/a105_custom_slamConfig-version.cmake
[0.126s] -- Installing: /home/mobile/ros2_ws/src/install/a105_custom_slam/share/a105_custom_slam/package.xml
[0.190s] Invoked command in '/home/mobile/ros2_ws/src/build/a105_custom_slam' returned '0': CMAKE_PREFIX_PATH=${CMAKE_PREFIX_PATH}:/opt/ros/humble /usr/bin/cmake --install /home/mobile/ros2_ws/src/build/a105_custom_slam
