-- Install configuration: ""
-- Up-to-date: /home/mobile/ros2_ws/src/install/a105_navigation/share/a105_navigation//launch
-- Up-to-date: /home/mobile/ros2_ws/src/install/a105_navigation/share/a105_navigation//launch/ekf.launch.py
-- Up-to-date: /home/mobile/ros2_ws/src/install/a105_navigation/share/a105_navigation//config
-- Up-to-date: /home/mobile/ros2_ws/src/install/a105_navigation/share/a105_navigation//config/ekf_params.yaml
-- Up-to-date: /home/mobile/ros2_ws/src/install/a105_navigation/share/ament_index/resource_index/package_run_dependencies/a105_navigation
-- Up-to-date: /home/mobile/ros2_ws/src/install/a105_navigation/share/ament_index/resource_index/parent_prefix_path/a105_navigation
-- Up-to-date: /home/mobile/ros2_ws/src/install/a105_navigation/share/a105_navigation/environment/ament_prefix_path.sh
-- Up-to-date: /home/mobile/ros2_ws/src/install/a105_navigation/share/a105_navigation/environment/ament_prefix_path.dsv
-- Up-to-date: /home/mobile/ros2_ws/src/install/a105_navigation/share/a105_navigation/environment/path.sh
-- Up-to-date: /home/mobile/ros2_ws/src/install/a105_navigation/share/a105_navigation/environment/path.dsv
-- Up-to-date: /home/mobile/ros2_ws/src/install/a105_navigation/share/a105_navigation/local_setup.bash
-- Up-to-date: /home/mobile/ros2_ws/src/install/a105_navigation/share/a105_navigation/local_setup.sh
-- Up-to-date: /home/mobile/ros2_ws/src/install/a105_navigation/share/a105_navigation/local_setup.zsh
-- Up-to-date: /home/mobile/ros2_ws/src/install/a105_navigation/share/a105_navigation/local_setup.dsv
-- Up-to-date: /home/mobile/ros2_ws/src/install/a105_navigation/share/a105_navigation/package.dsv
-- Up-to-date: /home/mobile/ros2_ws/src/install/a105_navigation/share/ament_index/resource_index/packages/a105_navigation
-- Up-to-date: /home/mobile/ros2_ws/src/install/a105_navigation/share/a105_navigation/cmake/a105_navigationConfig.cmake
-- Up-to-date: /home/mobile/ros2_ws/src/install/a105_navigation/share/a105_navigation/cmake/a105_navigationConfig-version.cmake
-- Up-to-date: /home/mobile/ros2_ws/src/install/a105_navigation/share/a105_navigation/package.xml
